<?xml version="1.0" encoding="UTF-8"?>
<!-- Generated by org.testng.reporters.JUnitXMLReporter -->
<testsuite ignored="0" hostname="TECH-L00246" failures="1" tests="1" name="Surefire test" time="70.281" errors="0" timestamp="2026-03-14T23:17:47 IST">
  <testcase classname="test.PathologyFlowTest" name="BookingFlow" time="70.248">
    <failure type="java.lang.AssertionError" message="Booking flow failed">
      <![CDATA[java.lang.AssertionError: Booking flow failed
at test.PathologyFlowTest.BookingFlow(PathologyFlowTest.java:246)
at java.base/java.util.ArrayList.forEach(ArrayList.java:1596)
Caused by: org.openqa.selenium.TimeoutException: Expected condition failed: waiting for element to be clickable: By.id: dp2 (tried for 20 second(s) with 500 milliseconds interval)
Build info: version: '4.8.3', revision: 'e5e76298c3'
System info: os.name: 'Windows 11', os.arch: 'amd64', os.version: '10.0', java.version: '21.0.6'
Driver info: org.openqa.selenium.chrome.ChromeDriver
Capabilities {acceptInsecureCerts: false, browserName: chrome, browserVersion: 145.0.7632.76, chrome: {chromedriverVersion: 145.0.7632.117 (de4e5d6e13b..., userDataDir: C:\Users\AKSHAY~1\AppData\L...}, fedcm:accounts: true, goog:chromeOptions: {debuggerAddress: localhost:52315}, goog:processID: 46308, networkConnectionEnabled: false, pageLoadStrategy: normal, platformName: WINDOWS, proxy: Proxy(), se:cdp: ws://localhost:52315/devtoo..., se:cdpVersion: 145.0.7632.76, setWindowRect: true, strictFileInteractability: false, timeouts: {implicit: 0, pageLoad: 300000, script: 30000}, unhandledPromptBehavior: dismiss and notify, webauthn:extension:credBlob: true, webauthn:extension:largeBlob: true, webauthn:extension:minPinLength: true, webauthn:extension:prf: true, webauthn:virtualAuthenticators: true}
Session ID: c42df05109b17205866e6968ce446e6d
at org.openqa.selenium.support.ui.WebDriverWait.timeoutException(WebDriverWait.java:87)
at org.openqa.selenium.support.ui.FluentWait.until(FluentWait.java:231)
at utility.WaitHelper.waitForClickable(WaitHelper.java:30)
at test.PathologyFlowTest.BookingFlow(PathologyFlowTest.java:118)
... 31 more
... Removed 31 stack frames]]>
    </failure>
  </testcase> <!-- BookingFlow -->
</testsuite> <!-- Surefire test -->
