<?xml version="1.0" encoding="UTF-8"?>
<!-- Generated by org.testng.reporters.JUnitXMLReporter -->
<testsuite ignored="0" hostname="TECH-L00246" failures="0" tests="5" name="Default test" time="365.691" errors="0" timestamp="2026-03-15T15:27:18 IST">
  <testcase classname="test.PathologyFlowTest" name="BookingFlow" time="78.622"/>
  <testcase classname="test.PathologyFlowTest" name="BookingFlow" time="73.513"/>
  <testcase classname="test.PathologyFlowTest" name="BookingFlow" time="73.158"/>
  <testcase classname="test.PathologyFlowTest" name="BookingFlow" time="70.603"/>
  <testcase classname="test.PathologyFlowTest" name="BookingFlow" time="69.736"/>
</testsuite> <!-- Default test -->
