<?xml version="1.0" encoding="UTF-8"?>
<!-- Generated by org.testng.reporters.JUnitXMLReporter -->
<testsuite ignored="0" hostname="TECH-L00246" failures="0" tests="5" name="Default test" time="332.552" errors="0" timestamp="2026-03-14T20:45:11 IST">
  <testcase classname="test.PathologyFlowTest" name="BookingFlow" time="71.296"/>
  <testcase classname="test.PathologyFlowTest" name="BookingFlow" time="67.085"/>
  <testcase classname="test.PathologyFlowTest" name="BookingFlow" time="68.841"/>
  <testcase classname="test.PathologyFlowTest" name="BookingFlow" time="67.431"/>
  <testcase classname="test.PathologyFlowTest" name="BookingFlow" time="57.858"/>
</testsuite> <!-- Default test -->
