<?xml version="1.0" encoding="UTF-8"?>
<testng-results ignored="0" total="1" passed="1" failed="0" skipped="0">
  <reporter-output>
  </reporter-output>
  <suite started-at="2025-09-28T18:32:53 IST" name="Surefire suite" finished-at="2025-09-28T18:33:54 IST" duration-ms="60165">
    <groups>
    </groups>
    <test started-at="2025-09-28T18:32:53 IST" name="Surefire test" finished-at="2025-09-28T18:33:54 IST" duration-ms="60165">
      <class name="test.PathologyFlowTest">
        <test-method signature="BookingFlow()[pri:0, instance:test.PathologyFlowTest@55ca8de8]" started-at="2025-09-28T18:32:53 IST" name="BookingFlow" finished-at="2025-09-28T18:33:54 IST" duration-ms="60144" status="PASS">
          <reporter-output>
          </reporter-output>
        </test-method> <!-- BookingFlow -->
      </class> <!-- test.PathologyFlowTest -->
    </test> <!-- Surefire test -->
  </suite> <!-- Surefire suite -->
</testng-results>
