<?xml version="1.0" encoding="UTF-8"?>
<testsuite xmlns:xsi="http://www.w3.org/2001/XMLSchema-instance" xsi:noNamespaceSchemaLocation="https://maven.apache.org/surefire/maven-surefire-plugin/xsd/surefire-test-report-3.0.xsd" version="3.0" name="test.PathologyFlowTest" time="60.6" tests="1" errors="0" skipped="0" failures="0">
  <properties>
[...]
</properties>
  <testcase name="BookingFlow" classname="test.PathologyFlowTest" time="60.144">
    <system-out><![CDATA[18:32:53.990 [main] DEBUG io.github.bonigarcia.wdm.WebDriverManager -- Using WebDriverManager 5.9.2
18:32:54.254 [main] DEBUG io.github.bonigarcia.wdm.cache.ResolutionCache -- Resolution chrome=140 in cache (valid until 19:23:46 28/09/2025 IST)
18:32:54.254 [main] DEBUG io.github.bonigarcia.wdm.cache.ResolutionCache -- Resolution chrome140=140.0.7339.207 in cache (valid until 18:23:46 29/09/2025 IST)
18:32:54.254 [main] INFO io.github.bonigarcia.wdm.WebDriverManager -- Using chromedriver 140.0.7339.207 (resolved driver for Chrome 140)
18:32:54.283 [main] DEBUG io.github.bonigarcia.wdm.WebDriverManager -- Driver chromedriver 140.0.7339.207 found in cache
18:32:54.283 [main] INFO io.github.bonigarcia.wdm.WebDriverManager -- Exporting webdriver.chrome.driver as C:\Users\Akshay Sunil Mankar\.cache\selenium\chromedriver\win64\140.0.7339.207\chromedriver.exe
18:32:54.367 [main] DEBUG io.netty.util.internal.logging.InternalLoggerFactory -- Using SLF4J as the default logging framework
18:32:54.367 [main] DEBUG io.netty.util.ResourceLeakDetector -- -Dio.netty.leakDetection.level: simple
18:32:54.367 [main] DEBUG io.netty.util.ResourceLeakDetector -- -Dio.netty.leakDetection.targetRecords: 4
18:32:54.377 [main] DEBUG io.netty.util.ResourceLeakDetectorFactory -- Loaded default ResourceLeakDetector: io.netty.util.ResourceLeakDetector@3381b4fc
18:32:54.387 [main] DEBUG io.netty.util.internal.PlatformDependent0 -- -Dio.netty.noUnsafe: false
18:32:54.387 [main] DEBUG io.netty.util.internal.PlatformDependent0 -- Java version: 21
18:32:54.387 [main] DEBUG io.netty.util.internal.PlatformDependent0 -- sun.misc.Unsafe.theUnsafe: available
18:32:54.387 [main] DEBUG io.netty.util.internal.PlatformDependent0 -- sun.misc.Unsafe.copyMemory: available
18:32:54.387 [main] DEBUG io.netty.util.internal.PlatformDependent0 -- sun.misc.Unsafe.storeFence: available
18:32:54.387 [main] DEBUG io.netty.util.internal.PlatformDependent0 -- java.nio.Buffer.address: available
18:32:54.387 [main] DEBUG io.netty.util.internal.PlatformDependent0 -- direct buffer constructor: unavailable: java.nio.DirectByteBuffer.<init>(long,int)
18:32:54.387 [main] DEBUG io.netty.util.internal.PlatformDependent0 -- java.nio.Bits.unaligned: available, true
18:32:54.387 [main] DEBUG io.netty.util.internal.PlatformDependent0 -- jdk.internal.misc.Unsafe.allocateUninitializedArray(int): unavailable: class io.netty.util.internal.PlatformDependent0$7 cannot access class jdk.internal.misc.Unsafe (in module java.base) because module java.base does not export jdk.internal.misc to unnamed module @6eebc39e
18:32:54.387 [main] DEBUG io.netty.util.internal.PlatformDependent0 -- java.nio.DirectByteBuffer.<init>(long, int): unavailable
18:32:54.387 [main] DEBUG io.netty.util.internal.PlatformDependent -- sun.misc.Unsafe: available
18:32:54.387 [main] DEBUG io.netty.util.internal.PlatformDependent -- maxDirectMemory: 4169138176 bytes (maybe)
18:32:54.387 [main] DEBUG io.netty.util.internal.PlatformDependent -- -Dio.netty.tmpdir: C:\Users\AKSHAY~1\AppData\Local\Temp (java.io.tmpdir)
18:32:54.387 [main] DEBUG io.netty.util.internal.PlatformDependent -- -Dio.netty.bitMode: 64 (sun.arch.data.model)
18:32:54.387 [main] DEBUG io.netty.util.internal.PlatformDependent -- Platform: Windows
18:32:54.387 [main] DEBUG io.netty.util.internal.PlatformDependent -- -Dio.netty.maxDirectMemory: -1 bytes
18:32:54.387 [main] DEBUG io.netty.util.internal.PlatformDependent -- -Dio.netty.uninitializedArrayAllocationThreshold: -1
18:32:54.397 [main] DEBUG io.netty.util.internal.CleanerJava9 -- java.nio.ByteBuffer.cleaner(): available
18:32:54.397 [main] DEBUG io.netty.util.internal.PlatformDependent -- -Dio.netty.noPreferDirect: false
18:32:54.399 [main] DEBUG io.netty.util.internal.PlatformDependent -- org.jctools-core.MpscChunkedArrayQueue: available
18:32:54.408 [main] DEBUG io.netty.util.internal.InternalThreadLocalMap -- -Dio.netty.threadLocalMap.stringBuilder.initialSize: 1024
18:32:54.408 [main] DEBUG io.netty.util.internal.InternalThreadLocalMap -- -Dio.netty.threadLocalMap.stringBuilder.maxSize: 4096
18:32:54.430 [main] DEBUG io.netty.handler.ssl.JdkSslContext -- Default protocols (JDK): [TLSv1.3, TLSv1.2] 
18:32:54.430 [main] DEBUG io.netty.handler.ssl.JdkSslContext -- Default cipher suites (JDK): [TLS_ECDHE_ECDSA_WITH_AES_256_GCM_SHA384, TLS_ECDHE_ECDSA_WITH_AES_128_GCM_SHA256, TLS_ECDHE_RSA_WITH_AES_128_GCM_SHA256, TLS_ECDHE_RSA_WITH_AES_256_GCM_SHA384, TLS_ECDHE_RSA_WITH_AES_128_CBC_SHA, TLS_ECDHE_RSA_WITH_AES_256_CBC_SHA, TLS_RSA_WITH_AES_128_GCM_SHA256, TLS_RSA_WITH_AES_128_CBC_SHA, TLS_RSA_WITH_AES_256_CBC_SHA, TLS_AES_128_GCM_SHA256, TLS_AES_256_GCM_SHA384]
18:32:54.440 [main] DEBUG io.netty.util.concurrent.GlobalEventExecutor -- -Dio.netty.globalEventExecutor.quietPeriodSeconds: 1
18:32:54.450 [main] DEBUG io.netty.channel.MultithreadEventLoopGroup -- -Dio.netty.eventLoopThreads: 24
18:32:54.450 [main] DEBUG io.netty.channel.nio.NioEventLoop -- -Dio.netty.noKeySetOptimization: false
18:32:54.450 [main] DEBUG io.netty.channel.nio.NioEventLoop -- -Dio.netty.selectorAutoRebuildThreshold: 512
18:32:54.544 [main] DEBUG io.netty.buffer.PooledByteBufAllocator -- -Dio.netty.allocator.numHeapArenas: 24
18:32:54.544 [main] DEBUG io.netty.buffer.PooledByteBufAllocator -- -Dio.netty.allocator.numDirectArenas: 24
18:32:54.544 [main] DEBUG io.netty.buffer.PooledByteBufAllocator -- -Dio.netty.allocator.pageSize: 8192
18:32:54.544 [main] DEBUG io.netty.buffer.PooledByteBufAllocator -- -Dio.netty.allocator.maxOrder: 9
18:32:54.544 [main] DEBUG io.netty.buffer.PooledByteBufAllocator -- -Dio.netty.allocator.chunkSize: 4194304
18:32:54.544 [main] DEBUG io.netty.buffer.PooledByteBufAllocator -- -Dio.netty.allocator.smallCacheSize: 256
18:32:54.544 [main] DEBUG io.netty.buffer.PooledByteBufAllocator -- -Dio.netty.allocator.normalCacheSize: 64
18:32:54.544 [main] DEBUG io.netty.buffer.PooledByteBufAllocator -- -Dio.netty.allocator.maxCachedBufferCapacity: 32768
18:32:54.544 [main] DEBUG io.netty.buffer.PooledByteBufAllocator -- -Dio.netty.allocator.cacheTrimInterval: 8192
18:32:54.544 [main] DEBUG io.netty.buffer.PooledByteBufAllocator -- -Dio.netty.allocator.cacheTrimIntervalMillis: 0
18:32:54.544 [main] DEBUG io.netty.buffer.PooledByteBufAllocator -- -Dio.netty.allocator.useCacheForAllThreads: false
18:32:54.544 [main] DEBUG io.netty.buffer.PooledByteBufAllocator -- -Dio.netty.allocator.maxCachedByteBuffersPerChunk: 1023
18:32:54.556 [main] DEBUG io.netty.buffer.ByteBufUtil -- -Dio.netty.allocator.type: pooled
18:32:54.556 [main] DEBUG io.netty.buffer.ByteBufUtil -- -Dio.netty.threadLocalDirectBufferSize: 0
18:32:54.556 [main] DEBUG io.netty.buffer.ByteBufUtil -- -Dio.netty.maxThreadLocalCharBufferSize: 16384
18:32:54.869 [Forwarding newSession on session null to remote] DEBUG io.netty.channel.DefaultChannelId -- -Dio.netty.processId: 15648 (auto-detected)
18:32:54.877 [Forwarding newSession on session null to remote] DEBUG io.netty.util.NetUtil -- -Djava.net.preferIPv4Stack: false
18:32:54.877 [Forwarding newSession on session null to remote] DEBUG io.netty.util.NetUtil -- -Djava.net.preferIPv6Addresses: false
18:32:54.877 [Forwarding newSession on session null to remote] DEBUG io.netty.util.NetUtilInitializations -- Loopback interface: loopback_0 (Software Loopback Interface 1, 0:0:0:0:0:0:0:1)
18:32:54.877 [Forwarding newSession on session null to remote] DEBUG io.netty.util.NetUtil -- Failed to get SOMAXCONN from sysctl and file \proc\sys\net\core\somaxconn. Default: 200
18:32:54.877 [Forwarding newSession on session null to remote] DEBUG io.netty.channel.DefaultChannelId -- -Dio.netty.machineId: 70:08:94:ff:fe:4c:9d:0e (auto-detected)
18:32:54.904 [AsyncHttpClient-1-2] DEBUG io.netty.buffer.AbstractByteBuf -- -Dio.netty.buffer.checkAccessible: true
18:32:54.904 [AsyncHttpClient-1-2] DEBUG io.netty.buffer.AbstractByteBuf -- -Dio.netty.buffer.checkBounds: true
18:32:54.904 [AsyncHttpClient-1-2] DEBUG io.netty.util.ResourceLeakDetectorFactory -- Loaded default ResourceLeakDetector: io.netty.util.ResourceLeakDetector@675e6e9c
18:32:54.908 [AsyncHttpClient-1-2] DEBUG org.asynchttpclient.netty.channel.NettyConnectListener -- Using new Channel '[id: 0x4292fcdf, L:/127.0.0.1:58221 - R:localhost/127.0.0.1:16154]' for 'POST' to '/session'
18:32:54.920 [AsyncHttpClient-1-2] DEBUG io.netty.util.Recycler -- -Dio.netty.recycler.maxCapacityPerThread: 4096
18:32:54.920 [AsyncHttpClient-1-2] DEBUG io.netty.util.Recycler -- -Dio.netty.recycler.ratio: 8
18:32:54.920 [AsyncHttpClient-1-2] DEBUG io.netty.util.Recycler -- -Dio.netty.recycler.chunkSize: 32
18:32:54.920 [AsyncHttpClient-1-2] DEBUG io.netty.util.Recycler -- -Dio.netty.recycler.blocking: false
18:32:54.920 [AsyncHttpClient-1-2] DEBUG io.netty.util.Recycler -- -Dio.netty.recycler.batchFastThreadLocalOnly: true
18:32:56.018 [AsyncHttpClient-1-2] DEBUG io.netty.handler.codec.compression.Brotli -- brotli4j not in the classpath; Brotli support will be unavailable.
18:32:56.018 [AsyncHttpClient-1-2] DEBUG org.asynchttpclient.netty.handler.HttpHandler -- 

Request DefaultHttpRequest(decodeResult: success, version: HTTP/1.1)
POST /session HTTP/1.1
User-Agent: selenium/4.8.3 (java windows)
Content-Length: 439
Content-Type: application/json; charset=utf-8
host: localhost:16154
accept: */*

Response DefaultHttpResponse(decodeResult: success, version: HTTP/1.1)
HTTP/1.1 200 OK
Content-Length: 886
Content-Type: application/json; charset=utf-8
cache-control: no-cache

18:32:56.023 [AsyncHttpClient-1-2] DEBUG org.asynchttpclient.netty.channel.ChannelManager -- Adding key: http://localhost:16154 for channel [id: 0x4292fcdf, L:/127.0.0.1:58221 - R:localhost/127.0.0.1:16154]
18:32:56.085 [AsyncHttpClient-1-3] DEBUG org.asynchttpclient.netty.channel.NettyConnectListener -- Using new Channel '[id: 0x999ab653, L:/127.0.0.1:58231 - R:localhost/127.0.0.1:58222]' for 'GET' to '/json/version'
18:32:56.087 [AsyncHttpClient-1-3] DEBUG org.asynchttpclient.netty.handler.HttpHandler -- 

Request DefaultFullHttpRequest(decodeResult: success, version: HTTP/1.1, content: EmptyByteBufBE)
GET /json/version HTTP/1.1
User-Agent: selenium/4.8.3 (java windows)
host: localhost:58222
accept: */*

Response DefaultHttpResponse(decodeResult: success, version: HTTP/1.1)
HTTP/1.1 200 OK
Content-Security-Policy: frame-ancestors 'none'
Content-Length: 425
Content-Type: application/json; charset=UTF-8

18:32:56.087 [AsyncHttpClient-1-3] DEBUG org.asynchttpclient.netty.channel.ChannelManager -- Adding key: http://localhost:58222 for channel [id: 0x999ab653, L:/127.0.0.1:58231 - R:localhost/127.0.0.1:58222]
18:32:56.096 [main] DEBUG io.netty.util.internal.ThreadLocalRandom -- -Dio.netty.initialSeedUniquifier: 0x0fb7a970299d74a5
18:32:56.096 [AsyncHttpClient-1-4] DEBUG org.asynchttpclient.netty.channel.NettyConnectListener -- Using new Channel '[id: 0xefc8aab7, L:/127.0.0.1:58232 - R:localhost/127.0.0.1:58222]' for 'GET' to '/devtools/browser/ec9b7132-bdb9-4aad-9ac0-2247e692d6a8'
18:32:56.110 [AsyncHttpClient-1-4] DEBUG org.asynchttpclient.netty.handler.WebSocketHandler -- 

Request DefaultFullHttpRequest(decodeResult: success, version: HTTP/1.1, content: EmptyByteBufBE)
GET /devtools/browser/ec9b7132-bdb9-4aad-9ac0-2247e692d6a8 HTTP/1.1
upgrade: websocket
connection: upgrade
sec-websocket-key: QVBG1+d6R0jIQuyWNpEUjw==
sec-websocket-version: 13
origin: http://localhost:58222
host: localhost:58222
accept: */*
user-agent: AHC/2.1

Response DefaultHttpResponse(decodeResult: success, version: HTTP/1.1)
HTTP/1.1 101 WebSocket Protocol Handshake
Upgrade: WebSocket
Connection: Upgrade
Sec-WebSocket-Accept: NtWE2uQl8yBfP5yWANCUetkdSU4=

18:32:56.147 [Forwarding maximizeCurrentWindow on session 34abddcfe480ce0829a6f6ced7201897 to remote] DEBUG org.asynchttpclient.netty.request.NettyRequestSender -- Using pooled Channel '[id: 0x4292fcdf, L:/127.0.0.1:58221 - R:localhost/127.0.0.1:16154]' for 'POST' to 'http://localhost:16154/session/34abddcfe480ce0829a6f6ced7201897/window/maximize'
18:32:56.147 [Forwarding maximizeCurrentWindow on session 34abddcfe480ce0829a6f6ced7201897 to remote] DEBUG org.asynchttpclient.netty.request.NettyRequestSender -- Using open Channel [id: 0x4292fcdf, L:/127.0.0.1:58221 - R:localhost/127.0.0.1:16154] for POST '/session/34abddcfe480ce0829a6f6ced7201897/window/maximize'
18:32:56.203 [AsyncHttpClient-1-2] DEBUG org.asynchttpclient.netty.handler.HttpHandler -- 

Request DefaultHttpRequest(decodeResult: success, version: HTTP/1.1)
POST /session/34abddcfe480ce0829a6f6ced7201897/window/maximize HTTP/1.1
User-Agent: selenium/4.8.3 (java windows)
Content-Length: 3
Content-Type: application/json; charset=utf-8
host: localhost:16154
accept: */*

Response DefaultHttpResponse(decodeResult: success, version: HTTP/1.1)
HTTP/1.1 200 OK
Content-Length: 51
Content-Type: application/json; charset=utf-8
cache-control: no-cache

18:32:56.203 [AsyncHttpClient-1-2] DEBUG org.asynchttpclient.netty.channel.ChannelManager -- Adding key: http://localhost:16154 for channel [id: 0x4292fcdf, L:/127.0.0.1:58221 - R:localhost/127.0.0.1:16154]
18:32:56.203 [Forwarding deleteAllCookies on session 34abddcfe480ce0829a6f6ced7201897 to remote] DEBUG org.asynchttpclient.netty.request.NettyRequestSender -- Using pooled Channel '[id: 0x4292fcdf, L:/127.0.0.1:58221 - R:localhost/127.0.0.1:16154]' for 'DELETE' to 'http://localhost:16154/session/34abddcfe480ce0829a6f6ced7201897/cookie'
18:32:56.203 [Forwarding deleteAllCookies on session 34abddcfe480ce0829a6f6ced7201897 to remote] DEBUG org.asynchttpclient.netty.request.NettyRequestSender -- Using open Channel [id: 0x4292fcdf, L:/127.0.0.1:58221 - R:localhost/127.0.0.1:16154] for DELETE '/session/34abddcfe480ce0829a6f6ced7201897/cookie'
18:32:56.209 [AsyncHttpClient-1-2] DEBUG org.asynchttpclient.netty.handler.HttpHandler -- 

Request DefaultFullHttpRequest(decodeResult: success, version: HTTP/1.1, content: EmptyByteBufBE)
DELETE /session/34abddcfe480ce0829a6f6ced7201897/cookie HTTP/1.1
User-Agent: selenium/4.8.3 (java windows)
Content-Type: application/json; charset=utf-8
host: localhost:16154
accept: */*

Response DefaultHttpResponse(decodeResult: success, version: HTTP/1.1)
HTTP/1.1 200 OK
Content-Length: 14
Content-Type: application/json; charset=utf-8
cache-control: no-cache

18:32:56.209 [AsyncHttpClient-1-2] DEBUG org.asynchttpclient.netty.channel.ChannelManager -- Adding key: http://localhost:16154 for channel [id: 0x4292fcdf, L:/127.0.0.1:58221 - R:localhost/127.0.0.1:16154]
18:32:56.220 [Forwarding get on session 34abddcfe480ce0829a6f6ced7201897 to remote] DEBUG org.asynchttpclient.netty.request.NettyRequestSender -- Using pooled Channel '[id: 0x4292fcdf, L:/127.0.0.1:58221 - R:localhost/127.0.0.1:16154]' for 'POST' to 'http://localhost:16154/session/34abddcfe480ce0829a6f6ced7201897/url'
18:32:56.220 [Forwarding get on session 34abddcfe480ce0829a6f6ced7201897 to remote] DEBUG org.asynchttpclient.netty.request.NettyRequestSender -- Using open Channel [id: 0x4292fcdf, L:/127.0.0.1:58221 - R:localhost/127.0.0.1:16154] for POST '/session/34abddcfe480ce0829a6f6ced7201897/url'
18:32:56.603 [AsyncHttpClient-1-1] DEBUG org.asynchttpclient.netty.channel.DefaultChannelPool -- Entry count for : http://localhost:58222 : 1
18:32:57.713 [AsyncHttpClient-1-1] DEBUG org.asynchttpclient.netty.channel.DefaultChannelPool -- Entry count for : http://localhost:58222 : 1
18:32:58.812 [AsyncHttpClient-1-1] DEBUG org.asynchttpclient.netty.channel.DefaultChannelPool -- Entry count for : http://localhost:58222 : 1
18:32:59.908 [AsyncHttpClient-1-1] DEBUG org.asynchttpclient.netty.channel.DefaultChannelPool -- Entry count for : http://localhost:58222 : 1
18:33:00.290 [AsyncHttpClient-1-2] DEBUG org.asynchttpclient.netty.handler.HttpHandler -- 

Request DefaultHttpRequest(decodeResult: success, version: HTTP/1.1)
POST /session/34abddcfe480ce0829a6f6ced7201897/url HTTP/1.1
User-Agent: selenium/4.8.3 (java windows)
Content-Length: 57
Content-Type: application/json; charset=utf-8
host: localhost:16154
accept: */*

Response DefaultHttpResponse(decodeResult: success, version: HTTP/1.1)
HTTP/1.1 200 OK
Content-Length: 14
Content-Type: application/json; charset=utf-8
cache-control: no-cache

18:33:00.290 [AsyncHttpClient-1-2] DEBUG org.asynchttpclient.netty.channel.ChannelManager -- Adding key: http://localhost:16154 for channel [id: 0x4292fcdf, L:/127.0.0.1:58221 - R:localhost/127.0.0.1:16154]
18:33:00.290 [Forwarding getTitle on session 34abddcfe480ce0829a6f6ced7201897 to remote] DEBUG org.asynchttpclient.netty.request.NettyRequestSender -- Using pooled Channel '[id: 0x4292fcdf, L:/127.0.0.1:58221 - R:localhost/127.0.0.1:16154]' for 'GET' to 'http://localhost:16154/session/34abddcfe480ce0829a6f6ced7201897/title'
18:33:00.290 [Forwarding getTitle on session 34abddcfe480ce0829a6f6ced7201897 to remote] DEBUG org.asynchttpclient.netty.request.NettyRequestSender -- Using open Channel [id: 0x4292fcdf, L:/127.0.0.1:58221 - R:localhost/127.0.0.1:16154] for GET '/session/34abddcfe480ce0829a6f6ced7201897/title'
18:33:00.304 [AsyncHttpClient-1-2] DEBUG org.asynchttpclient.netty.handler.HttpHandler -- 

Request DefaultFullHttpRequest(decodeResult: success, version: HTTP/1.1, content: EmptyByteBufBE)
GET /session/34abddcfe480ce0829a6f6ced7201897/title HTTP/1.1
User-Agent: selenium/4.8.3 (java windows)
Cache-Control: no-cache
Content-Type: application/json; charset=utf-8
host: localhost:16154
accept: */*

Response DefaultHttpResponse(decodeResult: success, version: HTTP/1.1)
HTTP/1.1 200 OK
Content-Length: 78
Content-Type: application/json; charset=utf-8
cache-control: no-cache

18:33:00.304 [AsyncHttpClient-1-2] DEBUG org.asynchttpclient.netty.channel.ChannelManager -- Adding key: http://localhost:16154 for channel [id: 0x4292fcdf, L:/127.0.0.1:58221 - R:localhost/127.0.0.1:16154]
18:33:01.004 [AsyncHttpClient-1-1] DEBUG org.asynchttpclient.netty.channel.DefaultChannelPool -- Entry count for : http://localhost:58222 : 1
18:33:01.004 [AsyncHttpClient-1-1] DEBUG org.asynchttpclient.netty.channel.DefaultChannelPool -- Entry count for : http://localhost:16154 : 1
18:33:02.114 [AsyncHttpClient-1-1] DEBUG org.asynchttpclient.netty.channel.DefaultChannelPool -- Entry count for : http://localhost:58222 : 1
18:33:02.114 [AsyncHttpClient-1-1] DEBUG org.asynchttpclient.netty.channel.DefaultChannelPool -- Entry count for : http://localhost:16154 : 1
18:33:02.320 [Forwarding findElement on session 34abddcfe480ce0829a6f6ced7201897 to remote] DEBUG org.asynchttpclient.netty.request.NettyRequestSender -- Using pooled Channel '[id: 0x4292fcdf, L:/127.0.0.1:58221 - R:localhost/127.0.0.1:16154]' for 'POST' to 'http://localhost:16154/session/34abddcfe480ce0829a6f6ced7201897/element'
18:33:02.320 [Forwarding findElement on session 34abddcfe480ce0829a6f6ced7201897 to remote] DEBUG org.asynchttpclient.netty.request.NettyRequestSender -- Using open Channel [id: 0x4292fcdf, L:/127.0.0.1:58221 - R:localhost/127.0.0.1:16154] for POST '/session/34abddcfe480ce0829a6f6ced7201897/element'
18:33:02.347 [AsyncHttpClient-1-2] DEBUG org.asynchttpclient.netty.handler.HttpHandler -- 

Request DefaultHttpRequest(decodeResult: success, version: HTTP/1.1)
POST /session/34abddcfe480ce0829a6f6ced7201897/element HTTP/1.1
User-Agent: selenium/4.8.3 (java windows)
Content-Length: 79
Content-Type: application/json; charset=utf-8
host: localhost:16154
accept: */*

Response DefaultHttpResponse(decodeResult: success, version: HTTP/1.1)
HTTP/1.1 200 OK
Content-Length: 127
Content-Type: application/json; charset=utf-8
cache-control: no-cache

18:33:02.348 [AsyncHttpClient-1-2] DEBUG org.asynchttpclient.netty.channel.ChannelManager -- Adding key: http://localhost:16154 for channel [id: 0x4292fcdf, L:/127.0.0.1:58221 - R:localhost/127.0.0.1:16154]
18:33:02.364 [Forwarding isElementDisplayed on session 34abddcfe480ce0829a6f6ced7201897 to remote] DEBUG org.asynchttpclient.netty.request.NettyRequestSender -- Using pooled Channel '[id: 0x4292fcdf, L:/127.0.0.1:58221 - R:localhost/127.0.0.1:16154]' for 'POST' to 'http://localhost:16154/session/34abddcfe480ce0829a6f6ced7201897/execute/sync'
18:33:02.364 [Forwarding isElementDisplayed on session 34abddcfe480ce0829a6f6ced7201897 to remote] DEBUG org.asynchttpclient.netty.request.NettyRequestSender -- Using open Channel [id: 0x4292fcdf, L:/127.0.0.1:58221 - R:localhost/127.0.0.1:16154] for POST '/session/34abddcfe480ce0829a6f6ced7201897/execute/sync'
18:33:02.384 [AsyncHttpClient-1-2] DEBUG org.asynchttpclient.netty.handler.HttpHandler -- 

Request DefaultHttpRequest(decodeResult: success, version: HTTP/1.1)
POST /session/34abddcfe480ce0829a6f6ced7201897/execute/sync HTTP/1.1
User-Agent: selenium/4.8.3 (java windows)
Content-Length: 48846
Content-Type: application/json; charset=utf-8
host: localhost:16154
accept: */*

Response DefaultHttpResponse(decodeResult: success, version: HTTP/1.1)
HTTP/1.1 200 OK
Content-Length: 14
Content-Type: application/json; charset=utf-8
cache-control: no-cache

18:33:02.384 [AsyncHttpClient-1-2] DEBUG org.asynchttpclient.netty.channel.ChannelManager -- Adding key: http://localhost:16154 for channel [id: 0x4292fcdf, L:/127.0.0.1:58221 - R:localhost/127.0.0.1:16154]
18:33:02.388 [Forwarding isElementEnabled on session 34abddcfe480ce0829a6f6ced7201897 to remote] DEBUG org.asynchttpclient.netty.request.NettyRequestSender -- Using pooled Channel '[id: 0x4292fcdf, L:/127.0.0.1:58221 - R:localhost/127.0.0.1:16154]' for 'GET' to 'http://localhost:16154/session/34abddcfe480ce0829a6f6ced7201897/element/f.FF95BF54BB543CDF60FD2B60C2955B35.d.32EA17D16515DE7CE8295C9DA54D7F06.e.138/enabled'
18:33:02.389 [Forwarding isElementEnabled on session 34abddcfe480ce0829a6f6ced7201897 to remote] DEBUG org.asynchttpclient.netty.request.NettyRequestSender -- Using open Channel [id: 0x4292fcdf, L:/127.0.0.1:58221 - R:localhost/127.0.0.1:16154] for GET '/session/34abddcfe480ce0829a6f6ced7201897/element/f.FF95BF54BB543CDF60FD2B60C2955B35.d.32EA17D16515DE7CE8295C9DA54D7F06.e.138/enabled'
18:33:02.402 [AsyncHttpClient-1-2] DEBUG org.asynchttpclient.netty.handler.HttpHandler -- 

Request DefaultFullHttpRequest(decodeResult: success, version: HTTP/1.1, content: EmptyByteBufBE)
GET /session/34abddcfe480ce0829a6f6ced7201897/element/f.FF95BF54BB543CDF60FD2B60C2955B35.d.32EA17D16515DE7CE8295C9DA54D7F06.e.138/enabled HTTP/1.1
User-Agent: selenium/4.8.3 (java windows)
Cache-Control: no-cache
Content-Type: application/json; charset=utf-8
host: localhost:16154
accept: */*

Response DefaultHttpResponse(decodeResult: success, version: HTTP/1.1)
HTTP/1.1 200 OK
Content-Length: 14
Content-Type: application/json; charset=utf-8
cache-control: no-cache

18:33:02.403 [AsyncHttpClient-1-2] DEBUG org.asynchttpclient.netty.channel.ChannelManager -- Adding key: http://localhost:16154 for channel [id: 0x4292fcdf, L:/127.0.0.1:58221 - R:localhost/127.0.0.1:16154]
18:33:02.406 [Forwarding clickElement on session 34abddcfe480ce0829a6f6ced7201897 to remote] DEBUG org.asynchttpclient.netty.request.NettyRequestSender -- Using pooled Channel '[id: 0x4292fcdf, L:/127.0.0.1:58221 - R:localhost/127.0.0.1:16154]' for 'POST' to 'http://localhost:16154/session/34abddcfe480ce0829a6f6ced7201897/element/f.FF95BF54BB543CDF60FD2B60C2955B35.d.32EA17D16515DE7CE8295C9DA54D7F06.e.138/click'
18:33:02.406 [Forwarding clickElement on session 34abddcfe480ce0829a6f6ced7201897 to remote] DEBUG org.asynchttpclient.netty.request.NettyRequestSender -- Using open Channel [id: 0x4292fcdf, L:/127.0.0.1:58221 - R:localhost/127.0.0.1:16154] for POST '/session/34abddcfe480ce0829a6f6ced7201897/element/f.FF95BF54BB543CDF60FD2B60C2955B35.d.32EA17D16515DE7CE8295C9DA54D7F06.e.138/click'
18:33:02.488 [AsyncHttpClient-1-2] DEBUG org.asynchttpclient.netty.handler.HttpHandler -- 

Request DefaultHttpRequest(decodeResult: success, version: HTTP/1.1)
POST /session/34abddcfe480ce0829a6f6ced7201897/element/f.FF95BF54BB543CDF60FD2B60C2955B35.d.32EA17D16515DE7CE8295C9DA54D7F06.e.138/click HTTP/1.1
User-Agent: selenium/4.8.3 (java windows)
Content-Length: 89
Content-Type: application/json; charset=utf-8
host: localhost:16154
accept: */*

Response DefaultHttpResponse(decodeResult: success, version: HTTP/1.1)
HTTP/1.1 200 OK
Content-Length: 14
Content-Type: application/json; charset=utf-8
cache-control: no-cache

18:33:02.489 [AsyncHttpClient-1-2] DEBUG org.asynchttpclient.netty.channel.ChannelManager -- Adding key: http://localhost:16154 for channel [id: 0x4292fcdf, L:/127.0.0.1:58221 - R:localhost/127.0.0.1:16154]
18:33:02.491 [Forwarding findElement on session 34abddcfe480ce0829a6f6ced7201897 to remote] DEBUG org.asynchttpclient.netty.request.NettyRequestSender -- Using pooled Channel '[id: 0x4292fcdf, L:/127.0.0.1:58221 - R:localhost/127.0.0.1:16154]' for 'POST' to 'http://localhost:16154/session/34abddcfe480ce0829a6f6ced7201897/element'
18:33:02.491 [Forwarding findElement on session 34abddcfe480ce0829a6f6ced7201897 to remote] DEBUG org.asynchttpclient.netty.request.NettyRequestSender -- Using open Channel [id: 0x4292fcdf, L:/127.0.0.1:58221 - R:localhost/127.0.0.1:16154] for POST '/session/34abddcfe480ce0829a6f6ced7201897/element'
18:33:02.500 [AsyncHttpClient-1-2] DEBUG org.asynchttpclient.netty.handler.HttpHandler -- 

Request DefaultHttpRequest(decodeResult: success, version: HTTP/1.1)
POST /session/34abddcfe480ce0829a6f6ced7201897/element HTTP/1.1
User-Agent: selenium/4.8.3 (java windows)
Content-Length: 60
Content-Type: application/json; charset=utf-8
host: localhost:16154
accept: */*

Response DefaultHttpResponse(decodeResult: success, version: HTTP/1.1)
HTTP/1.1 200 OK
Content-Length: 127
Content-Type: application/json; charset=utf-8
cache-control: no-cache

18:33:02.500 [AsyncHttpClient-1-2] DEBUG org.asynchttpclient.netty.channel.ChannelManager -- Adding key: http://localhost:16154 for channel [id: 0x4292fcdf, L:/127.0.0.1:58221 - R:localhost/127.0.0.1:16154]
18:33:02.514 [Forwarding isElementDisplayed on session 34abddcfe480ce0829a6f6ced7201897 to remote] DEBUG org.asynchttpclient.netty.request.NettyRequestSender -- Using pooled Channel '[id: 0x4292fcdf, L:/127.0.0.1:58221 - R:localhost/127.0.0.1:16154]' for 'POST' to 'http://localhost:16154/session/34abddcfe480ce0829a6f6ced7201897/execute/sync'
18:33:02.514 [Forwarding isElementDisplayed on session 34abddcfe480ce0829a6f6ced7201897 to remote] DEBUG org.asynchttpclient.netty.request.NettyRequestSender -- Using open Channel [id: 0x4292fcdf, L:/127.0.0.1:58221 - R:localhost/127.0.0.1:16154] for POST '/session/34abddcfe480ce0829a6f6ced7201897/execute/sync'
18:33:02.519 [AsyncHttpClient-1-2] DEBUG org.asynchttpclient.netty.handler.HttpHandler -- 

Request DefaultHttpRequest(decodeResult: success, version: HTTP/1.1)
POST /session/34abddcfe480ce0829a6f6ced7201897/execute/sync HTTP/1.1
User-Agent: selenium/4.8.3 (java windows)
Content-Length: 48846
Content-Type: application/json; charset=utf-8
host: localhost:16154
accept: */*

Response DefaultHttpResponse(decodeResult: success, version: HTTP/1.1)
HTTP/1.1 200 OK
Content-Length: 15
Content-Type: application/json; charset=utf-8
cache-control: no-cache

18:33:02.519 [AsyncHttpClient-1-2] DEBUG org.asynchttpclient.netty.channel.ChannelManager -- Adding key: http://localhost:16154 for channel [id: 0x4292fcdf, L:/127.0.0.1:58221 - R:localhost/127.0.0.1:16154]
18:33:03.033 [Forwarding findElement on session 34abddcfe480ce0829a6f6ced7201897 to remote] DEBUG org.asynchttpclient.netty.request.NettyRequestSender -- Using pooled Channel '[id: 0x4292fcdf, L:/127.0.0.1:58221 - R:localhost/127.0.0.1:16154]' for 'POST' to 'http://localhost:16154/session/34abddcfe480ce0829a6f6ced7201897/element'
18:33:03.033 [Forwarding findElement on session 34abddcfe480ce0829a6f6ced7201897 to remote] DEBUG org.asynchttpclient.netty.request.NettyRequestSender -- Using open Channel [id: 0x4292fcdf, L:/127.0.0.1:58221 - R:localhost/127.0.0.1:16154] for POST '/session/34abddcfe480ce0829a6f6ced7201897/element'
18:33:03.048 [AsyncHttpClient-1-2] DEBUG org.asynchttpclient.netty.handler.HttpHandler -- 

Request DefaultHttpRequest(decodeResult: success, version: HTTP/1.1)
POST /session/34abddcfe480ce0829a6f6ced7201897/element HTTP/1.1
User-Agent: selenium/4.8.3 (java windows)
Content-Length: 60
Content-Type: application/json; charset=utf-8
host: localhost:16154
accept: */*

Response DefaultHttpResponse(decodeResult: success, version: HTTP/1.1)
HTTP/1.1 200 OK
Content-Length: 127
Content-Type: application/json; charset=utf-8
cache-control: no-cache

18:33:03.049 [AsyncHttpClient-1-2] DEBUG org.asynchttpclient.netty.channel.ChannelManager -- Adding key: http://localhost:16154 for channel [id: 0x4292fcdf, L:/127.0.0.1:58221 - R:localhost/127.0.0.1:16154]
18:33:03.055 [Forwarding isElementDisplayed on session 34abddcfe480ce0829a6f6ced7201897 to remote] DEBUG org.asynchttpclient.netty.request.NettyRequestSender -- Using pooled Channel '[id: 0x4292fcdf, L:/127.0.0.1:58221 - R:localhost/127.0.0.1:16154]' for 'POST' to 'http://localhost:16154/session/34abddcfe480ce0829a6f6ced7201897/execute/sync'
18:33:03.056 [Forwarding isElementDisplayed on session 34abddcfe480ce0829a6f6ced7201897 to remote] DEBUG org.asynchttpclient.netty.request.NettyRequestSender -- Using open Channel [id: 0x4292fcdf, L:/127.0.0.1:58221 - R:localhost/127.0.0.1:16154] for POST '/session/34abddcfe480ce0829a6f6ced7201897/execute/sync'
18:33:03.067 [AsyncHttpClient-1-2] DEBUG org.asynchttpclient.netty.handler.HttpHandler -- 

Request DefaultHttpRequest(decodeResult: success, version: HTTP/1.1)
POST /session/34abddcfe480ce0829a6f6ced7201897/execute/sync HTTP/1.1
User-Agent: selenium/4.8.3 (java windows)
Content-Length: 48846
Content-Type: application/json; charset=utf-8
host: localhost:16154
accept: */*

Response DefaultHttpResponse(decodeResult: success, version: HTTP/1.1)
HTTP/1.1 200 OK
Content-Length: 14
Content-Type: application/json; charset=utf-8
cache-control: no-cache

18:33:03.067 [AsyncHttpClient-1-2] DEBUG org.asynchttpclient.netty.channel.ChannelManager -- Adding key: http://localhost:16154 for channel [id: 0x4292fcdf, L:/127.0.0.1:58221 - R:localhost/127.0.0.1:16154]
18:33:03.074 [Forwarding sendKeysToElement on session 34abddcfe480ce0829a6f6ced7201897 to remote] DEBUG org.asynchttpclient.netty.request.NettyRequestSender -- Using pooled Channel '[id: 0x4292fcdf, L:/127.0.0.1:58221 - R:localhost/127.0.0.1:16154]' for 'POST' to 'http://localhost:16154/session/34abddcfe480ce0829a6f6ced7201897/element/f.FF95BF54BB543CDF60FD2B60C2955B35.d.32EA17D16515DE7CE8295C9DA54D7F06.e.128/value'
18:33:03.081 [Forwarding sendKeysToElement on session 34abddcfe480ce0829a6f6ced7201897 to remote] DEBUG org.asynchttpclient.netty.request.NettyRequestSender -- Using open Channel [id: 0x4292fcdf, L:/127.0.0.1:58221 - R:localhost/127.0.0.1:16154] for POST '/session/34abddcfe480ce0829a6f6ced7201897/element/f.FF95BF54BB543CDF60FD2B60C2955B35.d.32EA17D16515DE7CE8295C9DA54D7F06.e.128/value'
18:33:03.182 [AsyncHttpClient-1-2] DEBUG org.asynchttpclient.netty.handler.HttpHandler -- 

Request DefaultHttpRequest(decodeResult: success, version: HTTP/1.1)
POST /session/34abddcfe480ce0829a6f6ced7201897/element/f.FF95BF54BB543CDF60FD2B60C2955B35.d.32EA17D16515DE7CE8295C9DA54D7F06.e.128/value HTTP/1.1
User-Agent: selenium/4.8.3 (java windows)
Content-Length: 190
Content-Type: application/json; charset=utf-8
host: localhost:16154
accept: */*

Response DefaultHttpResponse(decodeResult: success, version: HTTP/1.1)
HTTP/1.1 200 OK
Content-Length: 14
Content-Type: application/json; charset=utf-8
cache-control: no-cache

18:33:03.182 [AsyncHttpClient-1-2] DEBUG org.asynchttpclient.netty.channel.ChannelManager -- Adding key: http://localhost:16154 for channel [id: 0x4292fcdf, L:/127.0.0.1:58221 - R:localhost/127.0.0.1:16154]
18:33:03.189 [Forwarding findElement on session 34abddcfe480ce0829a6f6ced7201897 to remote] DEBUG org.asynchttpclient.netty.request.NettyRequestSender -- Using pooled Channel '[id: 0x4292fcdf, L:/127.0.0.1:58221 - R:localhost/127.0.0.1:16154]' for 'POST' to 'http://localhost:16154/session/34abddcfe480ce0829a6f6ced7201897/element'
18:33:03.189 [Forwarding findElement on session 34abddcfe480ce0829a6f6ced7201897 to remote] DEBUG org.asynchttpclient.netty.request.NettyRequestSender -- Using open Channel [id: 0x4292fcdf, L:/127.0.0.1:58221 - R:localhost/127.0.0.1:16154] for POST '/session/34abddcfe480ce0829a6f6ced7201897/element'
18:33:03.201 [AsyncHttpClient-1-2] DEBUG org.asynchttpclient.netty.handler.HttpHandler -- 

Request DefaultHttpRequest(decodeResult: success, version: HTTP/1.1)
POST /session/34abddcfe480ce0829a6f6ced7201897/element HTTP/1.1
User-Agent: selenium/4.8.3 (java windows)
Content-Length: 68
Content-Type: application/json; charset=utf-8
host: localhost:16154
accept: */*

Response DefaultHttpResponse(decodeResult: success, version: HTTP/1.1)
HTTP/1.1 200 OK
Content-Length: 127
Content-Type: application/json; charset=utf-8
cache-control: no-cache

18:33:03.201 [AsyncHttpClient-1-2] DEBUG org.asynchttpclient.netty.channel.ChannelManager -- Adding key: http://localhost:16154 for channel [id: 0x4292fcdf, L:/127.0.0.1:58221 - R:localhost/127.0.0.1:16154]
18:33:03.210 [Forwarding isElementDisplayed on session 34abddcfe480ce0829a6f6ced7201897 to remote] DEBUG org.asynchttpclient.netty.request.NettyRequestSender -- Using pooled Channel '[id: 0x4292fcdf, L:/127.0.0.1:58221 - R:localhost/127.0.0.1:16154]' for 'POST' to 'http://localhost:16154/session/34abddcfe480ce0829a6f6ced7201897/execute/sync'
18:33:03.210 [Forwarding isElementDisplayed on session 34abddcfe480ce0829a6f6ced7201897 to remote] DEBUG org.asynchttpclient.netty.request.NettyRequestSender -- Using open Channel [id: 0x4292fcdf, L:/127.0.0.1:58221 - R:localhost/127.0.0.1:16154] for POST '/session/34abddcfe480ce0829a6f6ced7201897/execute/sync'
18:33:03.215 [AsyncHttpClient-1-1] DEBUG org.asynchttpclient.netty.channel.DefaultChannelPool -- Entry count for : http://localhost:58222 : 1
18:33:03.234 [AsyncHttpClient-1-2] DEBUG org.asynchttpclient.netty.handler.HttpHandler -- 

Request DefaultHttpRequest(decodeResult: success, version: HTTP/1.1)
POST /session/34abddcfe480ce0829a6f6ced7201897/execute/sync HTTP/1.1
User-Agent: selenium/4.8.3 (java windows)
Content-Length: 48846
Content-Type: application/json; charset=utf-8
host: localhost:16154
accept: */*

Response DefaultHttpResponse(decodeResult: success, version: HTTP/1.1)
HTTP/1.1 200 OK
Content-Length: 14
Content-Type: application/json; charset=utf-8
cache-control: no-cache

18:33:03.234 [AsyncHttpClient-1-2] DEBUG org.asynchttpclient.netty.channel.ChannelManager -- Adding key: http://localhost:16154 for channel [id: 0x4292fcdf, L:/127.0.0.1:58221 - R:localhost/127.0.0.1:16154]
18:33:03.234 [Forwarding isElementEnabled on session 34abddcfe480ce0829a6f6ced7201897 to remote] DEBUG org.asynchttpclient.netty.request.NettyRequestSender -- Using pooled Channel '[id: 0x4292fcdf, L:/127.0.0.1:58221 - R:localhost/127.0.0.1:16154]' for 'GET' to 'http://localhost:16154/session/34abddcfe480ce0829a6f6ced7201897/element/f.FF95BF54BB543CDF60FD2B60C2955B35.d.32EA17D16515DE7CE8295C9DA54D7F06.e.212/enabled'
18:33:03.234 [Forwarding isElementEnabled on session 34abddcfe480ce0829a6f6ced7201897 to remote] DEBUG org.asynchttpclient.netty.request.NettyRequestSender -- Using open Channel [id: 0x4292fcdf, L:/127.0.0.1:58221 - R:localhost/127.0.0.1:16154] for GET '/session/34abddcfe480ce0829a6f6ced7201897/element/f.FF95BF54BB543CDF60FD2B60C2955B35.d.32EA17D16515DE7CE8295C9DA54D7F06.e.212/enabled'
18:33:03.252 [AsyncHttpClient-1-2] DEBUG org.asynchttpclient.netty.handler.HttpHandler -- 

Request DefaultFullHttpRequest(decodeResult: success, version: HTTP/1.1, content: EmptyByteBufBE)
GET /session/34abddcfe480ce0829a6f6ced7201897/element/f.FF95BF54BB543CDF60FD2B60C2955B35.d.32EA17D16515DE7CE8295C9DA54D7F06.e.212/enabled HTTP/1.1
User-Agent: selenium/4.8.3 (java windows)
Cache-Control: no-cache
Content-Type: application/json; charset=utf-8
host: localhost:16154
accept: */*

Response DefaultHttpResponse(decodeResult: success, version: HTTP/1.1)
HTTP/1.1 200 OK
Content-Length: 14
Content-Type: application/json; charset=utf-8
cache-control: no-cache

18:33:03.252 [AsyncHttpClient-1-2] DEBUG org.asynchttpclient.netty.channel.ChannelManager -- Adding key: http://localhost:16154 for channel [id: 0x4292fcdf, L:/127.0.0.1:58221 - R:localhost/127.0.0.1:16154]
18:33:03.252 [Forwarding clickElement on session 34abddcfe480ce0829a6f6ced7201897 to remote] DEBUG org.asynchttpclient.netty.request.NettyRequestSender -- Using pooled Channel '[id: 0x4292fcdf, L:/127.0.0.1:58221 - R:localhost/127.0.0.1:16154]' for 'POST' to 'http://localhost:16154/session/34abddcfe480ce0829a6f6ced7201897/element/f.FF95BF54BB543CDF60FD2B60C2955B35.d.32EA17D16515DE7CE8295C9DA54D7F06.e.212/click'
18:33:03.252 [Forwarding clickElement on session 34abddcfe480ce0829a6f6ced7201897 to remote] DEBUG org.asynchttpclient.netty.request.NettyRequestSender -- Using open Channel [id: 0x4292fcdf, L:/127.0.0.1:58221 - R:localhost/127.0.0.1:16154] for POST '/session/34abddcfe480ce0829a6f6ced7201897/element/f.FF95BF54BB543CDF60FD2B60C2955B35.d.32EA17D16515DE7CE8295C9DA54D7F06.e.212/click'
18:33:04.314 [AsyncHttpClient-1-1] DEBUG org.asynchttpclient.netty.channel.DefaultChannelPool -- Entry count for : http://localhost:58222 : 1
18:33:05.183 [AsyncHttpClient-1-2] DEBUG org.asynchttpclient.netty.handler.HttpHandler -- 

Request DefaultHttpRequest(decodeResult: success, version: HTTP/1.1)
POST /session/34abddcfe480ce0829a6f6ced7201897/element/f.FF95BF54BB543CDF60FD2B60C2955B35.d.32EA17D16515DE7CE8295C9DA54D7F06.e.212/click HTTP/1.1
User-Agent: selenium/4.8.3 (java windows)
Content-Length: 89
Content-Type: application/json; charset=utf-8
host: localhost:16154
accept: */*

Response DefaultHttpResponse(decodeResult: success, version: HTTP/1.1)
HTTP/1.1 200 OK
Content-Length: 14
Content-Type: application/json; charset=utf-8
cache-control: no-cache

18:33:05.183 [AsyncHttpClient-1-2] DEBUG org.asynchttpclient.netty.channel.ChannelManager -- Adding key: http://localhost:16154 for channel [id: 0x4292fcdf, L:/127.0.0.1:58221 - R:localhost/127.0.0.1:16154]
18:33:05.184 [Forwarding findElement on session 34abddcfe480ce0829a6f6ced7201897 to remote] DEBUG org.asynchttpclient.netty.request.NettyRequestSender -- Using pooled Channel '[id: 0x4292fcdf, L:/127.0.0.1:58221 - R:localhost/127.0.0.1:16154]' for 'POST' to 'http://localhost:16154/session/34abddcfe480ce0829a6f6ced7201897/element'
18:33:05.185 [Forwarding findElement on session 34abddcfe480ce0829a6f6ced7201897 to remote] DEBUG org.asynchttpclient.netty.request.NettyRequestSender -- Using open Channel [id: 0x4292fcdf, L:/127.0.0.1:58221 - R:localhost/127.0.0.1:16154] for POST '/session/34abddcfe480ce0829a6f6ced7201897/element'
18:33:05.203 [AsyncHttpClient-1-2] DEBUG org.asynchttpclient.netty.handler.HttpHandler -- 

Request DefaultHttpRequest(decodeResult: success, version: HTTP/1.1)
POST /session/34abddcfe480ce0829a6f6ced7201897/element HTTP/1.1
User-Agent: selenium/4.8.3 (java windows)
Content-Length: 77
Content-Type: application/json; charset=utf-8
host: localhost:16154
accept: */*

Response DefaultHttpResponse(decodeResult: success, version: HTTP/1.1)
HTTP/1.1 200 OK
Content-Length: 127
Content-Type: application/json; charset=utf-8
cache-control: no-cache

18:33:05.203 [AsyncHttpClient-1-2] DEBUG org.asynchttpclient.netty.channel.ChannelManager -- Adding key: http://localhost:16154 for channel [id: 0x4292fcdf, L:/127.0.0.1:58221 - R:localhost/127.0.0.1:16154]
18:33:05.209 [Forwarding isElementDisplayed on session 34abddcfe480ce0829a6f6ced7201897 to remote] DEBUG org.asynchttpclient.netty.request.NettyRequestSender -- Using pooled Channel '[id: 0x4292fcdf, L:/127.0.0.1:58221 - R:localhost/127.0.0.1:16154]' for 'POST' to 'http://localhost:16154/session/34abddcfe480ce0829a6f6ced7201897/execute/sync'
18:33:05.209 [Forwarding isElementDisplayed on session 34abddcfe480ce0829a6f6ced7201897 to remote] DEBUG org.asynchttpclient.netty.request.NettyRequestSender -- Using open Channel [id: 0x4292fcdf, L:/127.0.0.1:58221 - R:localhost/127.0.0.1:16154] for POST '/session/34abddcfe480ce0829a6f6ced7201897/execute/sync'
18:33:05.224 [AsyncHttpClient-1-2] DEBUG org.asynchttpclient.netty.handler.HttpHandler -- 

Request DefaultHttpRequest(decodeResult: success, version: HTTP/1.1)
POST /session/34abddcfe480ce0829a6f6ced7201897/execute/sync HTTP/1.1
User-Agent: selenium/4.8.3 (java windows)
Content-Length: 48846
Content-Type: application/json; charset=utf-8
host: localhost:16154
accept: */*

Response DefaultHttpResponse(decodeResult: success, version: HTTP/1.1)
HTTP/1.1 200 OK
Content-Length: 14
Content-Type: application/json; charset=utf-8
cache-control: no-cache

18:33:05.224 [AsyncHttpClient-1-2] DEBUG org.asynchttpclient.netty.channel.ChannelManager -- Adding key: http://localhost:16154 for channel [id: 0x4292fcdf, L:/127.0.0.1:58221 - R:localhost/127.0.0.1:16154]
18:33:05.230 [Forwarding sendKeysToElement on session 34abddcfe480ce0829a6f6ced7201897 to remote] DEBUG org.asynchttpclient.netty.request.NettyRequestSender -- Using pooled Channel '[id: 0x4292fcdf, L:/127.0.0.1:58221 - R:localhost/127.0.0.1:16154]' for 'POST' to 'http://localhost:16154/session/34abddcfe480ce0829a6f6ced7201897/element/f.FF95BF54BB543CDF60FD2B60C2955B35.d.9BFD2053FB3AB26EF835F2E270F7D262.e.238/value'
18:33:05.230 [Forwarding sendKeysToElement on session 34abddcfe480ce0829a6f6ced7201897 to remote] DEBUG org.asynchttpclient.netty.request.NettyRequestSender -- Using open Channel [id: 0x4292fcdf, L:/127.0.0.1:58221 - R:localhost/127.0.0.1:16154] for POST '/session/34abddcfe480ce0829a6f6ced7201897/element/f.FF95BF54BB543CDF60FD2B60C2955B35.d.9BFD2053FB3AB26EF835F2E270F7D262.e.238/value'
18:33:05.384 [AsyncHttpClient-1-2] DEBUG org.asynchttpclient.netty.handler.HttpHandler -- 

Request DefaultHttpRequest(decodeResult: success, version: HTTP/1.1)
POST /session/34abddcfe480ce0829a6f6ced7201897/element/f.FF95BF54BB543CDF60FD2B60C2955B35.d.9BFD2053FB3AB26EF835F2E270F7D262.e.238/value HTTP/1.1
User-Agent: selenium/4.8.3 (java windows)
Content-Length: 390
Content-Type: application/json; charset=utf-8
host: localhost:16154
accept: */*

Response DefaultHttpResponse(decodeResult: success, version: HTTP/1.1)
HTTP/1.1 200 OK
Content-Length: 14
Content-Type: application/json; charset=utf-8
cache-control: no-cache

18:33:05.384 [AsyncHttpClient-1-2] DEBUG org.asynchttpclient.netty.channel.ChannelManager -- Adding key: http://localhost:16154 for channel [id: 0x4292fcdf, L:/127.0.0.1:58221 - R:localhost/127.0.0.1:16154]
18:33:05.387 [Forwarding findElements on session 34abddcfe480ce0829a6f6ced7201897 to remote] DEBUG org.asynchttpclient.netty.request.NettyRequestSender -- Using pooled Channel '[id: 0x4292fcdf, L:/127.0.0.1:58221 - R:localhost/127.0.0.1:16154]' for 'POST' to 'http://localhost:16154/session/34abddcfe480ce0829a6f6ced7201897/elements'
18:33:05.387 [Forwarding findElements on session 34abddcfe480ce0829a6f6ced7201897 to remote] DEBUG org.asynchttpclient.netty.request.NettyRequestSender -- Using open Channel [id: 0x4292fcdf, L:/127.0.0.1:58221 - R:localhost/127.0.0.1:16154] for POST '/session/34abddcfe480ce0829a6f6ced7201897/elements'
18:33:05.404 [AsyncHttpClient-1-2] DEBUG org.asynchttpclient.netty.handler.HttpHandler -- 

Request DefaultHttpRequest(decodeResult: success, version: HTTP/1.1)
POST /session/34abddcfe480ce0829a6f6ced7201897/elements HTTP/1.1
User-Agent: selenium/4.8.3 (java windows)
Content-Length: 75
Content-Type: application/json; charset=utf-8
host: localhost:16154
accept: */*

Response DefaultHttpResponse(decodeResult: success, version: HTTP/1.1)
HTTP/1.1 200 OK
Content-Length: 12
Content-Type: application/json; charset=utf-8
cache-control: no-cache

18:33:05.406 [AsyncHttpClient-1-2] DEBUG org.asynchttpclient.netty.channel.ChannelManager -- Adding key: http://localhost:16154 for channel [id: 0x4292fcdf, L:/127.0.0.1:58221 - R:localhost/127.0.0.1:16154]
18:33:05.414 [AsyncHttpClient-1-1] DEBUG org.asynchttpclient.netty.channel.DefaultChannelPool -- Entry count for : http://localhost:58222 : 1
18:33:05.414 [AsyncHttpClient-1-1] DEBUG org.asynchttpclient.netty.channel.DefaultChannelPool -- Entry count for : http://localhost:16154 : 1
18:33:05.916 [Forwarding findElements on session 34abddcfe480ce0829a6f6ced7201897 to remote] DEBUG org.asynchttpclient.netty.request.NettyRequestSender -- Using pooled Channel '[id: 0x4292fcdf, L:/127.0.0.1:58221 - R:localhost/127.0.0.1:16154]' for 'POST' to 'http://localhost:16154/session/34abddcfe480ce0829a6f6ced7201897/elements'
18:33:05.916 [Forwarding findElements on session 34abddcfe480ce0829a6f6ced7201897 to remote] DEBUG org.asynchttpclient.netty.request.NettyRequestSender -- Using open Channel [id: 0x4292fcdf, L:/127.0.0.1:58221 - R:localhost/127.0.0.1:16154] for POST '/session/34abddcfe480ce0829a6f6ced7201897/elements'
18:33:05.935 [AsyncHttpClient-1-2] DEBUG org.asynchttpclient.netty.handler.HttpHandler -- 

Request DefaultHttpRequest(decodeResult: success, version: HTTP/1.1)
POST /session/34abddcfe480ce0829a6f6ced7201897/elements HTTP/1.1
User-Agent: selenium/4.8.3 (java windows)
Content-Length: 75
Content-Type: application/json; charset=utf-8
host: localhost:16154
accept: */*

Response DefaultHttpResponse(decodeResult: success, version: HTTP/1.1)
HTTP/1.1 200 OK
Content-Length: 12
Content-Type: application/json; charset=utf-8
cache-control: no-cache

18:33:05.935 [AsyncHttpClient-1-2] DEBUG org.asynchttpclient.netty.channel.ChannelManager -- Adding key: http://localhost:16154 for channel [id: 0x4292fcdf, L:/127.0.0.1:58221 - R:localhost/127.0.0.1:16154]
18:33:06.452 [Forwarding findElements on session 34abddcfe480ce0829a6f6ced7201897 to remote] DEBUG org.asynchttpclient.netty.request.NettyRequestSender -- Using pooled Channel '[id: 0x4292fcdf, L:/127.0.0.1:58221 - R:localhost/127.0.0.1:16154]' for 'POST' to 'http://localhost:16154/session/34abddcfe480ce0829a6f6ced7201897/elements'
18:33:06.452 [Forwarding findElements on session 34abddcfe480ce0829a6f6ced7201897 to remote] DEBUG org.asynchttpclient.netty.request.NettyRequestSender -- Using open Channel [id: 0x4292fcdf, L:/127.0.0.1:58221 - R:localhost/127.0.0.1:16154] for POST '/session/34abddcfe480ce0829a6f6ced7201897/elements'
18:33:06.475 [AsyncHttpClient-1-2] DEBUG org.asynchttpclient.netty.handler.HttpHandler -- 

Request DefaultHttpRequest(decodeResult: success, version: HTTP/1.1)
POST /session/34abddcfe480ce0829a6f6ced7201897/elements HTTP/1.1
User-Agent: selenium/4.8.3 (java windows)
Content-Length: 75
Content-Type: application/json; charset=utf-8
host: localhost:16154
accept: */*

Response DefaultHttpResponse(decodeResult: success, version: HTTP/1.1)
HTTP/1.1 200 OK
Content-Length: 955
Content-Type: application/json; charset=utf-8
cache-control: no-cache

18:33:06.475 [AsyncHttpClient-1-2] DEBUG org.asynchttpclient.netty.channel.ChannelManager -- Adding key: http://localhost:16154 for channel [id: 0x4292fcdf, L:/127.0.0.1:58221 - R:localhost/127.0.0.1:16154]
18:33:06.482 [Forwarding isElementDisplayed on session 34abddcfe480ce0829a6f6ced7201897 to remote] DEBUG org.asynchttpclient.netty.request.NettyRequestSender -- Using pooled Channel '[id: 0x4292fcdf, L:/127.0.0.1:58221 - R:localhost/127.0.0.1:16154]' for 'POST' to 'http://localhost:16154/session/34abddcfe480ce0829a6f6ced7201897/execute/sync'
18:33:06.482 [Forwarding isElementDisplayed on session 34abddcfe480ce0829a6f6ced7201897 to remote] DEBUG org.asynchttpclient.netty.request.NettyRequestSender -- Using open Channel [id: 0x4292fcdf, L:/127.0.0.1:58221 - R:localhost/127.0.0.1:16154] for POST '/session/34abddcfe480ce0829a6f6ced7201897/execute/sync'
18:33:06.498 [AsyncHttpClient-1-2] DEBUG org.asynchttpclient.netty.handler.HttpHandler -- 

Request DefaultHttpRequest(decodeResult: success, version: HTTP/1.1)
POST /session/34abddcfe480ce0829a6f6ced7201897/execute/sync HTTP/1.1
User-Agent: selenium/4.8.3 (java windows)
Content-Length: 48846
Content-Type: application/json; charset=utf-8
host: localhost:16154
accept: */*

Response DefaultHttpResponse(decodeResult: success, version: HTTP/1.1)
HTTP/1.1 200 OK
Content-Length: 14
Content-Type: application/json; charset=utf-8
cache-control: no-cache

18:33:06.498 [AsyncHttpClient-1-2] DEBUG org.asynchttpclient.netty.channel.ChannelManager -- Adding key: http://localhost:16154 for channel [id: 0x4292fcdf, L:/127.0.0.1:58221 - R:localhost/127.0.0.1:16154]
18:33:06.508 [Forwarding isElementDisplayed on session 34abddcfe480ce0829a6f6ced7201897 to remote] DEBUG org.asynchttpclient.netty.request.NettyRequestSender -- Using pooled Channel '[id: 0x4292fcdf, L:/127.0.0.1:58221 - R:localhost/127.0.0.1:16154]' for 'POST' to 'http://localhost:16154/session/34abddcfe480ce0829a6f6ced7201897/execute/sync'
18:33:06.508 [Forwarding isElementDisplayed on session 34abddcfe480ce0829a6f6ced7201897 to remote] DEBUG org.asynchttpclient.netty.request.NettyRequestSender -- Using open Channel [id: 0x4292fcdf, L:/127.0.0.1:58221 - R:localhost/127.0.0.1:16154] for POST '/session/34abddcfe480ce0829a6f6ced7201897/execute/sync'
18:33:06.514 [AsyncHttpClient-1-1] DEBUG org.asynchttpclient.netty.channel.DefaultChannelPool -- Entry count for : http://localhost:58222 : 1
18:33:06.531 [AsyncHttpClient-1-2] DEBUG org.asynchttpclient.netty.handler.HttpHandler -- 

Request DefaultHttpRequest(decodeResult: success, version: HTTP/1.1)
POST /session/34abddcfe480ce0829a6f6ced7201897/execute/sync HTTP/1.1
User-Agent: selenium/4.8.3 (java windows)
Content-Length: 48846
Content-Type: application/json; charset=utf-8
host: localhost:16154
accept: */*

Response DefaultHttpResponse(decodeResult: success, version: HTTP/1.1)
HTTP/1.1 200 OK
Content-Length: 14
Content-Type: application/json; charset=utf-8
cache-control: no-cache

18:33:06.532 [AsyncHttpClient-1-2] DEBUG org.asynchttpclient.netty.channel.ChannelManager -- Adding key: http://localhost:16154 for channel [id: 0x4292fcdf, L:/127.0.0.1:58221 - R:localhost/127.0.0.1:16154]
18:33:06.532 [Forwarding isElementDisplayed on session 34abddcfe480ce0829a6f6ced7201897 to remote] DEBUG org.asynchttpclient.netty.request.NettyRequestSender -- Using pooled Channel '[id: 0x4292fcdf, L:/127.0.0.1:58221 - R:localhost/127.0.0.1:16154]' for 'POST' to 'http://localhost:16154/session/34abddcfe480ce0829a6f6ced7201897/execute/sync'
18:33:06.539 [Forwarding isElementDisplayed on session 34abddcfe480ce0829a6f6ced7201897 to remote] DEBUG org.asynchttpclient.netty.request.NettyRequestSender -- Using open Channel [id: 0x4292fcdf, L:/127.0.0.1:58221 - R:localhost/127.0.0.1:16154] for POST '/session/34abddcfe480ce0829a6f6ced7201897/execute/sync'
18:33:06.566 [AsyncHttpClient-1-2] DEBUG org.asynchttpclient.netty.handler.HttpHandler -- 

Request DefaultHttpRequest(decodeResult: success, version: HTTP/1.1)
POST /session/34abddcfe480ce0829a6f6ced7201897/execute/sync HTTP/1.1
User-Agent: selenium/4.8.3 (java windows)
Content-Length: 48846
Content-Type: application/json; charset=utf-8
host: localhost:16154
accept: */*

Response DefaultHttpResponse(decodeResult: success, version: HTTP/1.1)
HTTP/1.1 200 OK
Content-Length: 14
Content-Type: application/json; charset=utf-8
cache-control: no-cache

18:33:06.570 [AsyncHttpClient-1-2] DEBUG org.asynchttpclient.netty.channel.ChannelManager -- Adding key: http://localhost:16154 for channel [id: 0x4292fcdf, L:/127.0.0.1:58221 - R:localhost/127.0.0.1:16154]
18:33:06.570 [Forwarding isElementDisplayed on session 34abddcfe480ce0829a6f6ced7201897 to remote] DEBUG org.asynchttpclient.netty.request.NettyRequestSender -- Using pooled Channel '[id: 0x4292fcdf, L:/127.0.0.1:58221 - R:localhost/127.0.0.1:16154]' for 'POST' to 'http://localhost:16154/session/34abddcfe480ce0829a6f6ced7201897/execute/sync'
18:33:06.570 [Forwarding isElementDisplayed on session 34abddcfe480ce0829a6f6ced7201897 to remote] DEBUG org.asynchttpclient.netty.request.NettyRequestSender -- Using open Channel [id: 0x4292fcdf, L:/127.0.0.1:58221 - R:localhost/127.0.0.1:16154] for POST '/session/34abddcfe480ce0829a6f6ced7201897/execute/sync'
18:33:06.597 [AsyncHttpClient-1-2] DEBUG org.asynchttpclient.netty.handler.HttpHandler -- 

Request DefaultHttpRequest(decodeResult: success, version: HTTP/1.1)
POST /session/34abddcfe480ce0829a6f6ced7201897/execute/sync HTTP/1.1
User-Agent: selenium/4.8.3 (java windows)
Content-Length: 48846
Content-Type: application/json; charset=utf-8
host: localhost:16154
accept: */*

Response DefaultHttpResponse(decodeResult: success, version: HTTP/1.1)
HTTP/1.1 200 OK
Content-Length: 14
Content-Type: application/json; charset=utf-8
cache-control: no-cache

18:33:06.598 [AsyncHttpClient-1-2] DEBUG org.asynchttpclient.netty.channel.ChannelManager -- Adding key: http://localhost:16154 for channel [id: 0x4292fcdf, L:/127.0.0.1:58221 - R:localhost/127.0.0.1:16154]
18:33:06.601 [Forwarding isElementDisplayed on session 34abddcfe480ce0829a6f6ced7201897 to remote] DEBUG org.asynchttpclient.netty.request.NettyRequestSender -- Using pooled Channel '[id: 0x4292fcdf, L:/127.0.0.1:58221 - R:localhost/127.0.0.1:16154]' for 'POST' to 'http://localhost:16154/session/34abddcfe480ce0829a6f6ced7201897/execute/sync'
18:33:06.601 [Forwarding isElementDisplayed on session 34abddcfe480ce0829a6f6ced7201897 to remote] DEBUG org.asynchttpclient.netty.request.NettyRequestSender -- Using open Channel [id: 0x4292fcdf, L:/127.0.0.1:58221 - R:localhost/127.0.0.1:16154] for POST '/session/34abddcfe480ce0829a6f6ced7201897/execute/sync'
18:33:06.625 [AsyncHttpClient-1-2] DEBUG org.asynchttpclient.netty.handler.HttpHandler -- 

Request DefaultHttpRequest(decodeResult: success, version: HTTP/1.1)
POST /session/34abddcfe480ce0829a6f6ced7201897/execute/sync HTTP/1.1
User-Agent: selenium/4.8.3 (java windows)
Content-Length: 48846
Content-Type: application/json; charset=utf-8
host: localhost:16154
accept: */*

Response DefaultHttpResponse(decodeResult: success, version: HTTP/1.1)
HTTP/1.1 200 OK
Content-Length: 14
Content-Type: application/json; charset=utf-8
cache-control: no-cache

18:33:06.625 [AsyncHttpClient-1-2] DEBUG org.asynchttpclient.netty.channel.ChannelManager -- Adding key: http://localhost:16154 for channel [id: 0x4292fcdf, L:/127.0.0.1:58221 - R:localhost/127.0.0.1:16154]
18:33:06.632 [Forwarding isElementDisplayed on session 34abddcfe480ce0829a6f6ced7201897 to remote] DEBUG org.asynchttpclient.netty.request.NettyRequestSender -- Using pooled Channel '[id: 0x4292fcdf, L:/127.0.0.1:58221 - R:localhost/127.0.0.1:16154]' for 'POST' to 'http://localhost:16154/session/34abddcfe480ce0829a6f6ced7201897/execute/sync'
18:33:06.632 [Forwarding isElementDisplayed on session 34abddcfe480ce0829a6f6ced7201897 to remote] DEBUG org.asynchttpclient.netty.request.NettyRequestSender -- Using open Channel [id: 0x4292fcdf, L:/127.0.0.1:58221 - R:localhost/127.0.0.1:16154] for POST '/session/34abddcfe480ce0829a6f6ced7201897/execute/sync'
18:33:06.653 [AsyncHttpClient-1-2] DEBUG org.asynchttpclient.netty.handler.HttpHandler -- 

Request DefaultHttpRequest(decodeResult: success, version: HTTP/1.1)
POST /session/34abddcfe480ce0829a6f6ced7201897/execute/sync HTTP/1.1
User-Agent: selenium/4.8.3 (java windows)
Content-Length: 48846
Content-Type: application/json; charset=utf-8
host: localhost:16154
accept: */*

Response DefaultHttpResponse(decodeResult: success, version: HTTP/1.1)
HTTP/1.1 200 OK
Content-Length: 14
Content-Type: application/json; charset=utf-8
cache-control: no-cache

18:33:06.653 [AsyncHttpClient-1-2] DEBUG org.asynchttpclient.netty.channel.ChannelManager -- Adding key: http://localhost:16154 for channel [id: 0x4292fcdf, L:/127.0.0.1:58221 - R:localhost/127.0.0.1:16154]
18:33:06.653 [Forwarding isElementDisplayed on session 34abddcfe480ce0829a6f6ced7201897 to remote] DEBUG org.asynchttpclient.netty.request.NettyRequestSender -- Using pooled Channel '[id: 0x4292fcdf, L:/127.0.0.1:58221 - R:localhost/127.0.0.1:16154]' for 'POST' to 'http://localhost:16154/session/34abddcfe480ce0829a6f6ced7201897/execute/sync'
18:33:06.653 [Forwarding isElementDisplayed on session 34abddcfe480ce0829a6f6ced7201897 to remote] DEBUG org.asynchttpclient.netty.request.NettyRequestSender -- Using open Channel [id: 0x4292fcdf, L:/127.0.0.1:58221 - R:localhost/127.0.0.1:16154] for POST '/session/34abddcfe480ce0829a6f6ced7201897/execute/sync'
18:33:06.673 [AsyncHttpClient-1-2] DEBUG org.asynchttpclient.netty.handler.HttpHandler -- 

Request DefaultHttpRequest(decodeResult: success, version: HTTP/1.1)
POST /session/34abddcfe480ce0829a6f6ced7201897/execute/sync HTTP/1.1
User-Agent: selenium/4.8.3 (java windows)
Content-Length: 48846
Content-Type: application/json; charset=utf-8
host: localhost:16154
accept: */*

Response DefaultHttpResponse(decodeResult: success, version: HTTP/1.1)
HTTP/1.1 200 OK
Content-Length: 14
Content-Type: application/json; charset=utf-8
cache-control: no-cache

18:33:06.673 [AsyncHttpClient-1-2] DEBUG org.asynchttpclient.netty.channel.ChannelManager -- Adding key: http://localhost:16154 for channel [id: 0x4292fcdf, L:/127.0.0.1:58221 - R:localhost/127.0.0.1:16154]
18:33:06.680 [Forwarding isElementDisplayed on session 34abddcfe480ce0829a6f6ced7201897 to remote] DEBUG org.asynchttpclient.netty.request.NettyRequestSender -- Using pooled Channel '[id: 0x4292fcdf, L:/127.0.0.1:58221 - R:localhost/127.0.0.1:16154]' for 'POST' to 'http://localhost:16154/session/34abddcfe480ce0829a6f6ced7201897/execute/sync'
18:33:06.680 [Forwarding isElementDisplayed on session 34abddcfe480ce0829a6f6ced7201897 to remote] DEBUG org.asynchttpclient.netty.request.NettyRequestSender -- Using open Channel [id: 0x4292fcdf, L:/127.0.0.1:58221 - R:localhost/127.0.0.1:16154] for POST '/session/34abddcfe480ce0829a6f6ced7201897/execute/sync'
18:33:06.684 [AsyncHttpClient-1-2] DEBUG org.asynchttpclient.netty.handler.HttpHandler -- 

Request DefaultHttpRequest(decodeResult: success, version: HTTP/1.1)
POST /session/34abddcfe480ce0829a6f6ced7201897/execute/sync HTTP/1.1
User-Agent: selenium/4.8.3 (java windows)
Content-Length: 48846
Content-Type: application/json; charset=utf-8
host: localhost:16154
accept: */*

Response DefaultHttpResponse(decodeResult: success, version: HTTP/1.1)
HTTP/1.1 200 OK
Content-Length: 14
Content-Type: application/json; charset=utf-8
cache-control: no-cache

18:33:06.684 [AsyncHttpClient-1-2] DEBUG org.asynchttpclient.netty.channel.ChannelManager -- Adding key: http://localhost:16154 for channel [id: 0x4292fcdf, L:/127.0.0.1:58221 - R:localhost/127.0.0.1:16154]
18:33:06.684 [Forwarding getElementText on session 34abddcfe480ce0829a6f6ced7201897 to remote] DEBUG org.asynchttpclient.netty.request.NettyRequestSender -- Using pooled Channel '[id: 0x4292fcdf, L:/127.0.0.1:58221 - R:localhost/127.0.0.1:16154]' for 'GET' to 'http://localhost:16154/session/34abddcfe480ce0829a6f6ced7201897/element/f.FF95BF54BB543CDF60FD2B60C2955B35.d.9BFD2053FB3AB26EF835F2E270F7D262.e.265/text'
18:33:06.684 [Forwarding getElementText on session 34abddcfe480ce0829a6f6ced7201897 to remote] DEBUG org.asynchttpclient.netty.request.NettyRequestSender -- Using open Channel [id: 0x4292fcdf, L:/127.0.0.1:58221 - R:localhost/127.0.0.1:16154] for GET '/session/34abddcfe480ce0829a6f6ced7201897/element/f.FF95BF54BB543CDF60FD2B60C2955B35.d.9BFD2053FB3AB26EF835F2E270F7D262.e.265/text'
18:33:06.705 [AsyncHttpClient-1-2] DEBUG org.asynchttpclient.netty.handler.HttpHandler -- 

Request DefaultFullHttpRequest(decodeResult: success, version: HTTP/1.1, content: EmptyByteBufBE)
GET /session/34abddcfe480ce0829a6f6ced7201897/element/f.FF95BF54BB543CDF60FD2B60C2955B35.d.9BFD2053FB3AB26EF835F2E270F7D262.e.265/text HTTP/1.1
User-Agent: selenium/4.8.3 (java windows)
Cache-Control: no-cache
Content-Type: application/json; charset=utf-8
host: localhost:16154
accept: */*

Response DefaultHttpResponse(decodeResult: success, version: HTTP/1.1)
HTTP/1.1 200 OK
Content-Length: 39
Content-Type: application/json; charset=utf-8
cache-control: no-cache

18:33:06.705 [AsyncHttpClient-1-2] DEBUG org.asynchttpclient.netty.channel.ChannelManager -- Adding key: http://localhost:16154 for channel [id: 0x4292fcdf, L:/127.0.0.1:58221 - R:localhost/127.0.0.1:16154]
18:33:06.714 [Forwarding clickElement on session 34abddcfe480ce0829a6f6ced7201897 to remote] DEBUG org.asynchttpclient.netty.request.NettyRequestSender -- Using pooled Channel '[id: 0x4292fcdf, L:/127.0.0.1:58221 - R:localhost/127.0.0.1:16154]' for 'POST' to 'http://localhost:16154/session/34abddcfe480ce0829a6f6ced7201897/element/f.FF95BF54BB543CDF60FD2B60C2955B35.d.9BFD2053FB3AB26EF835F2E270F7D262.e.265/click'
18:33:06.714 [Forwarding clickElement on session 34abddcfe480ce0829a6f6ced7201897 to remote] DEBUG org.asynchttpclient.netty.request.NettyRequestSender -- Using open Channel [id: 0x4292fcdf, L:/127.0.0.1:58221 - R:localhost/127.0.0.1:16154] for POST '/session/34abddcfe480ce0829a6f6ced7201897/element/f.FF95BF54BB543CDF60FD2B60C2955B35.d.9BFD2053FB3AB26EF835F2E270F7D262.e.265/click'
18:33:06.808 [AsyncHttpClient-1-2] DEBUG org.asynchttpclient.netty.handler.HttpHandler -- 

Request DefaultHttpRequest(decodeResult: success, version: HTTP/1.1)
POST /session/34abddcfe480ce0829a6f6ced7201897/element/f.FF95BF54BB543CDF60FD2B60C2955B35.d.9BFD2053FB3AB26EF835F2E270F7D262.e.265/click HTTP/1.1
User-Agent: selenium/4.8.3 (java windows)
Content-Length: 89
Content-Type: application/json; charset=utf-8
host: localhost:16154
accept: */*

Response DefaultHttpResponse(decodeResult: success, version: HTTP/1.1)
HTTP/1.1 200 OK
Content-Length: 14
Content-Type: application/json; charset=utf-8
cache-control: no-cache

18:33:06.808 [AsyncHttpClient-1-2] DEBUG org.asynchttpclient.netty.channel.ChannelManager -- Adding key: http://localhost:16154 for channel [id: 0x4292fcdf, L:/127.0.0.1:58221 - R:localhost/127.0.0.1:16154]
18:33:06.808 [Forwarding findElement on session 34abddcfe480ce0829a6f6ced7201897 to remote] DEBUG org.asynchttpclient.netty.request.NettyRequestSender -- Using pooled Channel '[id: 0x4292fcdf, L:/127.0.0.1:58221 - R:localhost/127.0.0.1:16154]' for 'POST' to 'http://localhost:16154/session/34abddcfe480ce0829a6f6ced7201897/element'
18:33:06.808 [Forwarding findElement on session 34abddcfe480ce0829a6f6ced7201897 to remote] DEBUG org.asynchttpclient.netty.request.NettyRequestSender -- Using open Channel [id: 0x4292fcdf, L:/127.0.0.1:58221 - R:localhost/127.0.0.1:16154] for POST '/session/34abddcfe480ce0829a6f6ced7201897/element'
18:33:06.826 [AsyncHttpClient-1-2] DEBUG org.asynchttpclient.netty.handler.HttpHandler -- 

Request DefaultHttpRequest(decodeResult: success, version: HTTP/1.1)
POST /session/34abddcfe480ce0829a6f6ced7201897/element HTTP/1.1
User-Agent: selenium/4.8.3 (java windows)
Content-Length: 64
Content-Type: application/json; charset=utf-8
host: localhost:16154
accept: */*

Response DefaultHttpResponse(decodeResult: success, version: HTTP/1.1)
HTTP/1.1 200 OK
Content-Length: 127
Content-Type: application/json; charset=utf-8
cache-control: no-cache

18:33:06.826 [AsyncHttpClient-1-2] DEBUG org.asynchttpclient.netty.channel.ChannelManager -- Adding key: http://localhost:16154 for channel [id: 0x4292fcdf, L:/127.0.0.1:58221 - R:localhost/127.0.0.1:16154]
18:33:06.831 [Forwarding isElementDisplayed on session 34abddcfe480ce0829a6f6ced7201897 to remote] DEBUG org.asynchttpclient.netty.request.NettyRequestSender -- Using pooled Channel '[id: 0x4292fcdf, L:/127.0.0.1:58221 - R:localhost/127.0.0.1:16154]' for 'POST' to 'http://localhost:16154/session/34abddcfe480ce0829a6f6ced7201897/execute/sync'
18:33:06.831 [Forwarding isElementDisplayed on session 34abddcfe480ce0829a6f6ced7201897 to remote] DEBUG org.asynchttpclient.netty.request.NettyRequestSender -- Using open Channel [id: 0x4292fcdf, L:/127.0.0.1:58221 - R:localhost/127.0.0.1:16154] for POST '/session/34abddcfe480ce0829a6f6ced7201897/execute/sync'
18:33:06.845 [AsyncHttpClient-1-2] DEBUG org.asynchttpclient.netty.handler.HttpHandler -- 

Request DefaultHttpRequest(decodeResult: success, version: HTTP/1.1)
POST /session/34abddcfe480ce0829a6f6ced7201897/execute/sync HTTP/1.1
User-Agent: selenium/4.8.3 (java windows)
Content-Length: 48846
Content-Type: application/json; charset=utf-8
host: localhost:16154
accept: */*

Response DefaultHttpResponse(decodeResult: success, version: HTTP/1.1)
HTTP/1.1 200 OK
Content-Length: 14
Content-Type: application/json; charset=utf-8
cache-control: no-cache

18:33:06.845 [AsyncHttpClient-1-2] DEBUG org.asynchttpclient.netty.channel.ChannelManager -- Adding key: http://localhost:16154 for channel [id: 0x4292fcdf, L:/127.0.0.1:58221 - R:localhost/127.0.0.1:16154]
18:33:06.846 [Forwarding isElementEnabled on session 34abddcfe480ce0829a6f6ced7201897 to remote] DEBUG org.asynchttpclient.netty.request.NettyRequestSender -- Using pooled Channel '[id: 0x4292fcdf, L:/127.0.0.1:58221 - R:localhost/127.0.0.1:16154]' for 'GET' to 'http://localhost:16154/session/34abddcfe480ce0829a6f6ced7201897/element/f.FF95BF54BB543CDF60FD2B60C2955B35.d.9BFD2053FB3AB26EF835F2E270F7D262.e.275/enabled'
18:33:06.846 [Forwarding isElementEnabled on session 34abddcfe480ce0829a6f6ced7201897 to remote] DEBUG org.asynchttpclient.netty.request.NettyRequestSender -- Using open Channel [id: 0x4292fcdf, L:/127.0.0.1:58221 - R:localhost/127.0.0.1:16154] for GET '/session/34abddcfe480ce0829a6f6ced7201897/element/f.FF95BF54BB543CDF60FD2B60C2955B35.d.9BFD2053FB3AB26EF835F2E270F7D262.e.275/enabled'
18:33:06.859 [AsyncHttpClient-1-2] DEBUG org.asynchttpclient.netty.handler.HttpHandler -- 

Request DefaultFullHttpRequest(decodeResult: success, version: HTTP/1.1, content: EmptyByteBufBE)
GET /session/34abddcfe480ce0829a6f6ced7201897/element/f.FF95BF54BB543CDF60FD2B60C2955B35.d.9BFD2053FB3AB26EF835F2E270F7D262.e.275/enabled HTTP/1.1
User-Agent: selenium/4.8.3 (java windows)
Cache-Control: no-cache
Content-Type: application/json; charset=utf-8
host: localhost:16154
accept: */*

Response DefaultHttpResponse(decodeResult: success, version: HTTP/1.1)
HTTP/1.1 200 OK
Content-Length: 14
Content-Type: application/json; charset=utf-8
cache-control: no-cache

18:33:06.859 [AsyncHttpClient-1-2] DEBUG org.asynchttpclient.netty.channel.ChannelManager -- Adding key: http://localhost:16154 for channel [id: 0x4292fcdf, L:/127.0.0.1:58221 - R:localhost/127.0.0.1:16154]
18:33:06.861 [Forwarding clickElement on session 34abddcfe480ce0829a6f6ced7201897 to remote] DEBUG org.asynchttpclient.netty.request.NettyRequestSender -- Using pooled Channel '[id: 0x4292fcdf, L:/127.0.0.1:58221 - R:localhost/127.0.0.1:16154]' for 'POST' to 'http://localhost:16154/session/34abddcfe480ce0829a6f6ced7201897/element/f.FF95BF54BB543CDF60FD2B60C2955B35.d.9BFD2053FB3AB26EF835F2E270F7D262.e.275/click'
18:33:06.861 [Forwarding clickElement on session 34abddcfe480ce0829a6f6ced7201897 to remote] DEBUG org.asynchttpclient.netty.request.NettyRequestSender -- Using open Channel [id: 0x4292fcdf, L:/127.0.0.1:58221 - R:localhost/127.0.0.1:16154] for POST '/session/34abddcfe480ce0829a6f6ced7201897/element/f.FF95BF54BB543CDF60FD2B60C2955B35.d.9BFD2053FB3AB26EF835F2E270F7D262.e.275/click'
18:33:07.615 [AsyncHttpClient-1-1] DEBUG org.asynchttpclient.netty.channel.DefaultChannelPool -- Entry count for : http://localhost:58222 : 1
18:33:08.713 [AsyncHttpClient-1-1] DEBUG org.asynchttpclient.netty.channel.DefaultChannelPool -- Entry count for : http://localhost:58222 : 1
18:33:09.436 [AsyncHttpClient-1-2] DEBUG org.asynchttpclient.netty.handler.HttpHandler -- 

Request DefaultHttpRequest(decodeResult: success, version: HTTP/1.1)
POST /session/34abddcfe480ce0829a6f6ced7201897/element/f.FF95BF54BB543CDF60FD2B60C2955B35.d.9BFD2053FB3AB26EF835F2E270F7D262.e.275/click HTTP/1.1
User-Agent: selenium/4.8.3 (java windows)
Content-Length: 89
Content-Type: application/json; charset=utf-8
host: localhost:16154
accept: */*

Response DefaultHttpResponse(decodeResult: success, version: HTTP/1.1)
HTTP/1.1 200 OK
Content-Length: 14
Content-Type: application/json; charset=utf-8
cache-control: no-cache

18:33:09.436 [AsyncHttpClient-1-2] DEBUG org.asynchttpclient.netty.channel.ChannelManager -- Adding key: http://localhost:16154 for channel [id: 0x4292fcdf, L:/127.0.0.1:58221 - R:localhost/127.0.0.1:16154]
18:33:09.440 [Forwarding findElement on session 34abddcfe480ce0829a6f6ced7201897 to remote] DEBUG org.asynchttpclient.netty.request.NettyRequestSender -- Using pooled Channel '[id: 0x4292fcdf, L:/127.0.0.1:58221 - R:localhost/127.0.0.1:16154]' for 'POST' to 'http://localhost:16154/session/34abddcfe480ce0829a6f6ced7201897/element'
18:33:09.440 [Forwarding findElement on session 34abddcfe480ce0829a6f6ced7201897 to remote] DEBUG org.asynchttpclient.netty.request.NettyRequestSender -- Using open Channel [id: 0x4292fcdf, L:/127.0.0.1:58221 - R:localhost/127.0.0.1:16154] for POST '/session/34abddcfe480ce0829a6f6ced7201897/element'
18:33:09.459 [AsyncHttpClient-1-2] DEBUG org.asynchttpclient.netty.handler.HttpHandler -- 

Request DefaultHttpRequest(decodeResult: success, version: HTTP/1.1)
POST /session/34abddcfe480ce0829a6f6ced7201897/element HTTP/1.1
User-Agent: selenium/4.8.3 (java windows)
Content-Length: 68
Content-Type: application/json; charset=utf-8
host: localhost:16154
accept: */*

Response DefaultHttpResponse(decodeResult: success, version: HTTP/1.1)
HTTP/1.1 200 OK
Content-Length: 127
Content-Type: application/json; charset=utf-8
cache-control: no-cache

18:33:09.459 [AsyncHttpClient-1-2] DEBUG org.asynchttpclient.netty.channel.ChannelManager -- Adding key: http://localhost:16154 for channel [id: 0x4292fcdf, L:/127.0.0.1:58221 - R:localhost/127.0.0.1:16154]
18:33:09.464 [Forwarding isElementDisplayed on session 34abddcfe480ce0829a6f6ced7201897 to remote] DEBUG org.asynchttpclient.netty.request.NettyRequestSender -- Using pooled Channel '[id: 0x4292fcdf, L:/127.0.0.1:58221 - R:localhost/127.0.0.1:16154]' for 'POST' to 'http://localhost:16154/session/34abddcfe480ce0829a6f6ced7201897/execute/sync'
18:33:09.464 [Forwarding isElementDisplayed on session 34abddcfe480ce0829a6f6ced7201897 to remote] DEBUG org.asynchttpclient.netty.request.NettyRequestSender -- Using open Channel [id: 0x4292fcdf, L:/127.0.0.1:58221 - R:localhost/127.0.0.1:16154] for POST '/session/34abddcfe480ce0829a6f6ced7201897/execute/sync'
18:33:09.482 [AsyncHttpClient-1-2] DEBUG org.asynchttpclient.netty.handler.HttpHandler -- 

Request DefaultHttpRequest(decodeResult: success, version: HTTP/1.1)
POST /session/34abddcfe480ce0829a6f6ced7201897/execute/sync HTTP/1.1
User-Agent: selenium/4.8.3 (java windows)
Content-Length: 48846
Content-Type: application/json; charset=utf-8
host: localhost:16154
accept: */*

Response DefaultHttpResponse(decodeResult: success, version: HTTP/1.1)
HTTP/1.1 200 OK
Content-Length: 14
Content-Type: application/json; charset=utf-8
cache-control: no-cache

18:33:09.483 [AsyncHttpClient-1-2] DEBUG org.asynchttpclient.netty.channel.ChannelManager -- Adding key: http://localhost:16154 for channel [id: 0x4292fcdf, L:/127.0.0.1:58221 - R:localhost/127.0.0.1:16154]
18:33:09.485 [Forwarding isElementEnabled on session 34abddcfe480ce0829a6f6ced7201897 to remote] DEBUG org.asynchttpclient.netty.request.NettyRequestSender -- Using pooled Channel '[id: 0x4292fcdf, L:/127.0.0.1:58221 - R:localhost/127.0.0.1:16154]' for 'GET' to 'http://localhost:16154/session/34abddcfe480ce0829a6f6ced7201897/element/f.FF95BF54BB543CDF60FD2B60C2955B35.d.6F8FAC7E33A648CE1A1F923C3A5C8CB3.e.311/enabled'
18:33:09.485 [Forwarding isElementEnabled on session 34abddcfe480ce0829a6f6ced7201897 to remote] DEBUG org.asynchttpclient.netty.request.NettyRequestSender -- Using open Channel [id: 0x4292fcdf, L:/127.0.0.1:58221 - R:localhost/127.0.0.1:16154] for GET '/session/34abddcfe480ce0829a6f6ced7201897/element/f.FF95BF54BB543CDF60FD2B60C2955B35.d.6F8FAC7E33A648CE1A1F923C3A5C8CB3.e.311/enabled'
18:33:09.499 [AsyncHttpClient-1-2] DEBUG org.asynchttpclient.netty.handler.HttpHandler -- 

Request DefaultFullHttpRequest(decodeResult: success, version: HTTP/1.1, content: EmptyByteBufBE)
GET /session/34abddcfe480ce0829a6f6ced7201897/element/f.FF95BF54BB543CDF60FD2B60C2955B35.d.6F8FAC7E33A648CE1A1F923C3A5C8CB3.e.311/enabled HTTP/1.1
User-Agent: selenium/4.8.3 (java windows)
Cache-Control: no-cache
Content-Type: application/json; charset=utf-8
host: localhost:16154
accept: */*

Response DefaultHttpResponse(decodeResult: success, version: HTTP/1.1)
HTTP/1.1 200 OK
Content-Length: 14
Content-Type: application/json; charset=utf-8
cache-control: no-cache

18:33:09.499 [AsyncHttpClient-1-2] DEBUG org.asynchttpclient.netty.channel.ChannelManager -- Adding key: http://localhost:16154 for channel [id: 0x4292fcdf, L:/127.0.0.1:58221 - R:localhost/127.0.0.1:16154]
18:33:09.521 [Forwarding actions on session 34abddcfe480ce0829a6f6ced7201897 to remote] DEBUG org.asynchttpclient.netty.request.NettyRequestSender -- Using pooled Channel '[id: 0x4292fcdf, L:/127.0.0.1:58221 - R:localhost/127.0.0.1:16154]' for 'POST' to 'http://localhost:16154/session/34abddcfe480ce0829a6f6ced7201897/actions'
18:33:09.521 [Forwarding actions on session 34abddcfe480ce0829a6f6ced7201897 to remote] DEBUG org.asynchttpclient.netty.request.NettyRequestSender -- Using open Channel [id: 0x4292fcdf, L:/127.0.0.1:58221 - R:localhost/127.0.0.1:16154] for POST '/session/34abddcfe480ce0829a6f6ced7201897/actions'
18:33:09.813 [AsyncHttpClient-1-1] DEBUG org.asynchttpclient.netty.channel.DefaultChannelPool -- Entry count for : http://localhost:58222 : 1
18:33:10.905 [AsyncHttpClient-1-1] DEBUG org.asynchttpclient.netty.channel.DefaultChannelPool -- Entry count for : http://localhost:58222 : 1
18:33:11.530 [AsyncHttpClient-1-2] DEBUG org.asynchttpclient.netty.handler.HttpHandler -- 

Request DefaultHttpRequest(decodeResult: success, version: HTTP/1.1)
POST /session/34abddcfe480ce0829a6f6ced7201897/actions HTTP/1.1
User-Agent: selenium/4.8.3 (java windows)
Content-Length: 708
Content-Type: application/json; charset=utf-8
host: localhost:16154
accept: */*

Response DefaultHttpResponse(decodeResult: success, version: HTTP/1.1)
HTTP/1.1 200 OK
Content-Length: 14
Content-Type: application/json; charset=utf-8
cache-control: no-cache

18:33:11.531 [AsyncHttpClient-1-2] DEBUG org.asynchttpclient.netty.channel.ChannelManager -- Adding key: http://localhost:16154 for channel [id: 0x4292fcdf, L:/127.0.0.1:58221 - R:localhost/127.0.0.1:16154]
18:33:11.533 [Forwarding executeScript on session 34abddcfe480ce0829a6f6ced7201897 to remote] DEBUG org.asynchttpclient.netty.request.NettyRequestSender -- Using pooled Channel '[id: 0x4292fcdf, L:/127.0.0.1:58221 - R:localhost/127.0.0.1:16154]' for 'POST' to 'http://localhost:16154/session/34abddcfe480ce0829a6f6ced7201897/execute/sync'
18:33:11.533 [Forwarding executeScript on session 34abddcfe480ce0829a6f6ced7201897 to remote] DEBUG org.asynchttpclient.netty.request.NettyRequestSender -- Using open Channel [id: 0x4292fcdf, L:/127.0.0.1:58221 - R:localhost/127.0.0.1:16154] for POST '/session/34abddcfe480ce0829a6f6ced7201897/execute/sync'
18:33:11.544 [AsyncHttpClient-1-2] DEBUG org.asynchttpclient.netty.handler.HttpHandler -- 

Request DefaultHttpRequest(decodeResult: success, version: HTTP/1.1)
POST /session/34abddcfe480ce0829a6f6ced7201897/execute/sync HTTP/1.1
User-Agent: selenium/4.8.3 (java windows)
Content-Length: 58
Content-Type: application/json; charset=utf-8
host: localhost:16154
accept: */*

Response DefaultHttpResponse(decodeResult: success, version: HTTP/1.1)
HTTP/1.1 200 OK
Content-Length: 14
Content-Type: application/json; charset=utf-8
cache-control: no-cache

18:33:11.544 [AsyncHttpClient-1-2] DEBUG org.asynchttpclient.netty.channel.ChannelManager -- Adding key: http://localhost:16154 for channel [id: 0x4292fcdf, L:/127.0.0.1:58221 - R:localhost/127.0.0.1:16154]
18:33:11.547 [Forwarding findElement on session 34abddcfe480ce0829a6f6ced7201897 to remote] DEBUG org.asynchttpclient.netty.request.NettyRequestSender -- Using pooled Channel '[id: 0x4292fcdf, L:/127.0.0.1:58221 - R:localhost/127.0.0.1:16154]' for 'POST' to 'http://localhost:16154/session/34abddcfe480ce0829a6f6ced7201897/element'
18:33:11.548 [Forwarding findElement on session 34abddcfe480ce0829a6f6ced7201897 to remote] DEBUG org.asynchttpclient.netty.request.NettyRequestSender -- Using open Channel [id: 0x4292fcdf, L:/127.0.0.1:58221 - R:localhost/127.0.0.1:16154] for POST '/session/34abddcfe480ce0829a6f6ced7201897/element'
18:33:11.556 [AsyncHttpClient-1-2] DEBUG org.asynchttpclient.netty.handler.HttpHandler -- 

Request DefaultHttpRequest(decodeResult: success, version: HTTP/1.1)
POST /session/34abddcfe480ce0829a6f6ced7201897/element HTTP/1.1
User-Agent: selenium/4.8.3 (java windows)
Content-Length: 80
Content-Type: application/json; charset=utf-8
host: localhost:16154
accept: */*

Response DefaultHttpResponse(decodeResult: success, version: HTTP/1.1)
HTTP/1.1 200 OK
Content-Length: 127
Content-Type: application/json; charset=utf-8
cache-control: no-cache

18:33:11.556 [AsyncHttpClient-1-2] DEBUG org.asynchttpclient.netty.channel.ChannelManager -- Adding key: http://localhost:16154 for channel [id: 0x4292fcdf, L:/127.0.0.1:58221 - R:localhost/127.0.0.1:16154]
18:33:11.566 [Forwarding isElementDisplayed on session 34abddcfe480ce0829a6f6ced7201897 to remote] DEBUG org.asynchttpclient.netty.request.NettyRequestSender -- Using pooled Channel '[id: 0x4292fcdf, L:/127.0.0.1:58221 - R:localhost/127.0.0.1:16154]' for 'POST' to 'http://localhost:16154/session/34abddcfe480ce0829a6f6ced7201897/execute/sync'
18:33:11.566 [Forwarding isElementDisplayed on session 34abddcfe480ce0829a6f6ced7201897 to remote] DEBUG org.asynchttpclient.netty.request.NettyRequestSender -- Using open Channel [id: 0x4292fcdf, L:/127.0.0.1:58221 - R:localhost/127.0.0.1:16154] for POST '/session/34abddcfe480ce0829a6f6ced7201897/execute/sync'
18:33:11.584 [AsyncHttpClient-1-2] DEBUG org.asynchttpclient.netty.handler.HttpHandler -- 

Request DefaultHttpRequest(decodeResult: success, version: HTTP/1.1)
POST /session/34abddcfe480ce0829a6f6ced7201897/execute/sync HTTP/1.1
User-Agent: selenium/4.8.3 (java windows)
Content-Length: 48846
Content-Type: application/json; charset=utf-8
host: localhost:16154
accept: */*

Response DefaultHttpResponse(decodeResult: success, version: HTTP/1.1)
HTTP/1.1 200 OK
Content-Length: 14
Content-Type: application/json; charset=utf-8
cache-control: no-cache

18:33:11.585 [AsyncHttpClient-1-2] DEBUG org.asynchttpclient.netty.channel.ChannelManager -- Adding key: http://localhost:16154 for channel [id: 0x4292fcdf, L:/127.0.0.1:58221 - R:localhost/127.0.0.1:16154]
18:33:11.585 [Forwarding isElementEnabled on session 34abddcfe480ce0829a6f6ced7201897 to remote] DEBUG org.asynchttpclient.netty.request.NettyRequestSender -- Using pooled Channel '[id: 0x4292fcdf, L:/127.0.0.1:58221 - R:localhost/127.0.0.1:16154]' for 'GET' to 'http://localhost:16154/session/34abddcfe480ce0829a6f6ced7201897/element/f.FF95BF54BB543CDF60FD2B60C2955B35.d.96517DB98B97D71CC287AFDF8FBAD383.e.351/enabled'
18:33:11.585 [Forwarding isElementEnabled on session 34abddcfe480ce0829a6f6ced7201897 to remote] DEBUG org.asynchttpclient.netty.request.NettyRequestSender -- Using open Channel [id: 0x4292fcdf, L:/127.0.0.1:58221 - R:localhost/127.0.0.1:16154] for GET '/session/34abddcfe480ce0829a6f6ced7201897/element/f.FF95BF54BB543CDF60FD2B60C2955B35.d.96517DB98B97D71CC287AFDF8FBAD383.e.351/enabled'
18:33:11.599 [AsyncHttpClient-1-2] DEBUG org.asynchttpclient.netty.handler.HttpHandler -- 

Request DefaultFullHttpRequest(decodeResult: success, version: HTTP/1.1, content: EmptyByteBufBE)
[...]
18:33:45.989 [Forwarding clickElement on session 34abddcfe480ce0829a6f6ced7201897 to remote] DEBUG org.asynchttpclient.netty.request.NettyRequestSender -- Using pooled Channel '[id: 0x4292fcdf, L:/127.0.0.1:58221 - R:localhost/127.0.0.1:16154]' for 'POST' to 'http://localhost:16154/session/34abddcfe480ce0829a6f6ced7201897/element/f.FF95BF54BB543CDF60FD2B60C2955B35.d.9D3272045EC285BE0AD3B8353FC194CA.e.687/click'
18:33:45.989 [Forwarding clickElement on session 34abddcfe480ce0829a6f6ced7201897 to remote] DEBUG org.asynchttpclient.netty.request.NettyRequestSender -- Using open Channel [id: 0x4292fcdf, L:/127.0.0.1:58221 - R:localhost/127.0.0.1:16154] for POST '/session/34abddcfe480ce0829a6f6ced7201897/element/f.FF95BF54BB543CDF60FD2B60C2955B35.d.9D3272045EC285BE0AD3B8353FC194CA.e.687/click'
18:33:46.068 [AsyncHttpClient-1-2] DEBUG org.asynchttpclient.netty.handler.HttpHandler -- 

Request DefaultHttpRequest(decodeResult: success, version: HTTP/1.1)
POST /session/34abddcfe480ce0829a6f6ced7201897/element/f.FF95BF54BB543CDF60FD2B60C2955B35.d.9D3272045EC285BE0AD3B8353FC194CA.e.687/click HTTP/1.1
User-Agent: selenium/4.8.3 (java windows)
Content-Length: 89
Content-Type: application/json; charset=utf-8
host: localhost:16154
accept: */*

Response DefaultHttpResponse(decodeResult: success, version: HTTP/1.1)
HTTP/1.1 200 OK
Content-Length: 14
Content-Type: application/json; charset=utf-8
cache-control: no-cache

18:33:46.068 [AsyncHttpClient-1-2] DEBUG org.asynchttpclient.netty.channel.ChannelManager -- Adding key: http://localhost:16154 for channel [id: 0x4292fcdf, L:/127.0.0.1:58221 - R:localhost/127.0.0.1:16154]
18:33:46.073 [Forwarding findElement on session 34abddcfe480ce0829a6f6ced7201897 to remote] DEBUG org.asynchttpclient.netty.request.NettyRequestSender -- Using pooled Channel '[id: 0x4292fcdf, L:/127.0.0.1:58221 - R:localhost/127.0.0.1:16154]' for 'POST' to 'http://localhost:16154/session/34abddcfe480ce0829a6f6ced7201897/element'
18:33:46.073 [Forwarding findElement on session 34abddcfe480ce0829a6f6ced7201897 to remote] DEBUG org.asynchttpclient.netty.request.NettyRequestSender -- Using open Channel [id: 0x4292fcdf, L:/127.0.0.1:58221 - R:localhost/127.0.0.1:16154] for POST '/session/34abddcfe480ce0829a6f6ced7201897/element'
18:33:46.083 [AsyncHttpClient-1-2] DEBUG org.asynchttpclient.netty.handler.HttpHandler -- 

Request DefaultHttpRequest(decodeResult: success, version: HTTP/1.1)
POST /session/34abddcfe480ce0829a6f6ced7201897/element HTTP/1.1
User-Agent: selenium/4.8.3 (java windows)
Content-Length: 78
Content-Type: application/json; charset=utf-8
host: localhost:16154
accept: */*

Response DefaultHttpResponse(decodeResult: success, version: HTTP/1.1)
HTTP/1.1 200 OK
Content-Length: 127
Content-Type: application/json; charset=utf-8
cache-control: no-cache

18:33:46.083 [AsyncHttpClient-1-2] DEBUG org.asynchttpclient.netty.channel.ChannelManager -- Adding key: http://localhost:16154 for channel [id: 0x4292fcdf, L:/127.0.0.1:58221 - R:localhost/127.0.0.1:16154]
18:33:46.083 [Forwarding isElementDisplayed on session 34abddcfe480ce0829a6f6ced7201897 to remote] DEBUG org.asynchttpclient.netty.request.NettyRequestSender -- Using pooled Channel '[id: 0x4292fcdf, L:/127.0.0.1:58221 - R:localhost/127.0.0.1:16154]' for 'POST' to 'http://localhost:16154/session/34abddcfe480ce0829a6f6ced7201897/execute/sync'
18:33:46.083 [Forwarding isElementDisplayed on session 34abddcfe480ce0829a6f6ced7201897 to remote] DEBUG org.asynchttpclient.netty.request.NettyRequestSender -- Using open Channel [id: 0x4292fcdf, L:/127.0.0.1:58221 - R:localhost/127.0.0.1:16154] for POST '/session/34abddcfe480ce0829a6f6ced7201897/execute/sync'
18:33:46.104 [AsyncHttpClient-1-2] DEBUG org.asynchttpclient.netty.handler.HttpHandler -- 

Request DefaultHttpRequest(decodeResult: success, version: HTTP/1.1)
POST /session/34abddcfe480ce0829a6f6ced7201897/execute/sync HTTP/1.1
User-Agent: selenium/4.8.3 (java windows)
Content-Length: 48846
Content-Type: application/json; charset=utf-8
host: localhost:16154
accept: */*

Response DefaultHttpResponse(decodeResult: success, version: HTTP/1.1)
HTTP/1.1 200 OK
Content-Length: 14
Content-Type: application/json; charset=utf-8
cache-control: no-cache

18:33:46.104 [AsyncHttpClient-1-2] DEBUG org.asynchttpclient.netty.channel.ChannelManager -- Adding key: http://localhost:16154 for channel [id: 0x4292fcdf, L:/127.0.0.1:58221 - R:localhost/127.0.0.1:16154]
18:33:46.104 [Forwarding isElementEnabled on session 34abddcfe480ce0829a6f6ced7201897 to remote] DEBUG org.asynchttpclient.netty.request.NettyRequestSender -- Using pooled Channel '[id: 0x4292fcdf, L:/127.0.0.1:58221 - R:localhost/127.0.0.1:16154]' for 'GET' to 'http://localhost:16154/session/34abddcfe480ce0829a6f6ced7201897/element/f.FF95BF54BB543CDF60FD2B60C2955B35.d.9D3272045EC285BE0AD3B8353FC194CA.e.695/enabled'
18:33:46.104 [Forwarding isElementEnabled on session 34abddcfe480ce0829a6f6ced7201897 to remote] DEBUG org.asynchttpclient.netty.request.NettyRequestSender -- Using open Channel [id: 0x4292fcdf, L:/127.0.0.1:58221 - R:localhost/127.0.0.1:16154] for GET '/session/34abddcfe480ce0829a6f6ced7201897/element/f.FF95BF54BB543CDF60FD2B60C2955B35.d.9D3272045EC285BE0AD3B8353FC194CA.e.695/enabled'
18:33:46.111 [AsyncHttpClient-1-1] DEBUG org.asynchttpclient.netty.channel.DefaultChannelPool -- Entry count for : http://localhost:58222 : 1
18:33:46.115 [AsyncHttpClient-1-2] DEBUG org.asynchttpclient.netty.handler.HttpHandler -- 

Request DefaultFullHttpRequest(decodeResult: success, version: HTTP/1.1, content: EmptyByteBufBE)
GET /session/34abddcfe480ce0829a6f6ced7201897/element/f.FF95BF54BB543CDF60FD2B60C2955B35.d.9D3272045EC285BE0AD3B8353FC194CA.e.695/enabled HTTP/1.1
User-Agent: selenium/4.8.3 (java windows)
Cache-Control: no-cache
Content-Type: application/json; charset=utf-8
host: localhost:16154
accept: */*

Response DefaultHttpResponse(decodeResult: success, version: HTTP/1.1)
HTTP/1.1 200 OK
Content-Length: 14
Content-Type: application/json; charset=utf-8
cache-control: no-cache

18:33:46.115 [AsyncHttpClient-1-2] DEBUG org.asynchttpclient.netty.channel.ChannelManager -- Adding key: http://localhost:16154 for channel [id: 0x4292fcdf, L:/127.0.0.1:58221 - R:localhost/127.0.0.1:16154]
18:33:46.125 [Forwarding clickElement on session 34abddcfe480ce0829a6f6ced7201897 to remote] DEBUG org.asynchttpclient.netty.request.NettyRequestSender -- Using pooled Channel '[id: 0x4292fcdf, L:/127.0.0.1:58221 - R:localhost/127.0.0.1:16154]' for 'POST' to 'http://localhost:16154/session/34abddcfe480ce0829a6f6ced7201897/element/f.FF95BF54BB543CDF60FD2B60C2955B35.d.9D3272045EC285BE0AD3B8353FC194CA.e.695/click'
18:33:46.125 [Forwarding clickElement on session 34abddcfe480ce0829a6f6ced7201897 to remote] DEBUG org.asynchttpclient.netty.request.NettyRequestSender -- Using open Channel [id: 0x4292fcdf, L:/127.0.0.1:58221 - R:localhost/127.0.0.1:16154] for POST '/session/34abddcfe480ce0829a6f6ced7201897/element/f.FF95BF54BB543CDF60FD2B60C2955B35.d.9D3272045EC285BE0AD3B8353FC194CA.e.695/click'
18:33:46.202 [AsyncHttpClient-1-2] DEBUG org.asynchttpclient.netty.handler.HttpHandler -- 

Request DefaultHttpRequest(decodeResult: success, version: HTTP/1.1)
POST /session/34abddcfe480ce0829a6f6ced7201897/element/f.FF95BF54BB543CDF60FD2B60C2955B35.d.9D3272045EC285BE0AD3B8353FC194CA.e.695/click HTTP/1.1
User-Agent: selenium/4.8.3 (java windows)
Content-Length: 89
Content-Type: application/json; charset=utf-8
host: localhost:16154
accept: */*

Response DefaultHttpResponse(decodeResult: success, version: HTTP/1.1)
HTTP/1.1 200 OK
Content-Length: 14
Content-Type: application/json; charset=utf-8
cache-control: no-cache

18:33:46.202 [AsyncHttpClient-1-2] DEBUG org.asynchttpclient.netty.channel.ChannelManager -- Adding key: http://localhost:16154 for channel [id: 0x4292fcdf, L:/127.0.0.1:58221 - R:localhost/127.0.0.1:16154]
18:33:47.204 [AsyncHttpClient-1-1] DEBUG org.asynchttpclient.netty.channel.DefaultChannelPool -- Entry count for : http://localhost:58222 : 1
18:33:47.204 [AsyncHttpClient-1-1] DEBUG org.asynchttpclient.netty.channel.DefaultChannelPool -- Entry count for : http://localhost:16154 : 1
18:33:48.303 [AsyncHttpClient-1-1] DEBUG org.asynchttpclient.netty.channel.DefaultChannelPool -- Entry count for : http://localhost:58222 : 1
18:33:48.304 [AsyncHttpClient-1-1] DEBUG org.asynchttpclient.netty.channel.DefaultChannelPool -- Entry count for : http://localhost:16154 : 1
18:33:49.413 [AsyncHttpClient-1-1] DEBUG org.asynchttpclient.netty.channel.DefaultChannelPool -- Entry count for : http://localhost:58222 : 1
18:33:49.413 [AsyncHttpClient-1-1] DEBUG org.asynchttpclient.netty.channel.DefaultChannelPool -- Entry count for : http://localhost:16154 : 1
18:33:50.513 [AsyncHttpClient-1-1] DEBUG org.asynchttpclient.netty.channel.DefaultChannelPool -- Entry count for : http://localhost:58222 : 1
18:33:50.513 [AsyncHttpClient-1-1] DEBUG org.asynchttpclient.netty.channel.DefaultChannelPool -- Entry count for : http://localhost:16154 : 1
Booking flow completed.
JSON report written: test-result.json
18:33:51.484 [Driver Command Executor] DEBUG org.asynchttpclient.netty.request.NettyRequestSender -- Using pooled Channel '[id: 0x4292fcdf, L:/127.0.0.1:58221 - R:localhost/127.0.0.1:16154]' for 'DELETE' to 'http://localhost:16154/session/34abddcfe480ce0829a6f6ced7201897'
18:33:51.484 [Driver Command Executor] DEBUG org.asynchttpclient.netty.request.NettyRequestSender -- Using open Channel [id: 0x4292fcdf, L:/127.0.0.1:58221 - R:localhost/127.0.0.1:16154] for DELETE '/session/34abddcfe480ce0829a6f6ced7201897'
18:33:51.570 [AsyncHttpClient-1-4] DEBUG org.asynchttpclient.netty.handler.WebSocketHandler -- Unexpected I/O exception on channel [id: 0xefc8aab7, L:/127.0.0.1:58232 - R:localhost/127.0.0.1:58222]
java.net.SocketException: Connection reset
	at java.base/sun.nio.ch.SocketChannelImpl.throwConnectionReset(SocketChannelImpl.java:401)
	at java.base/sun.nio.ch.SocketChannelImpl.read(SocketChannelImpl.java:434)
	at io.netty.buffer.PooledByteBuf.setBytes(PooledByteBuf.java:256)
	at io.netty.buffer.AbstractByteBuf.writeBytes(AbstractByteBuf.java:1132)
	at io.netty.channel.socket.nio.NioSocketChannel.doReadBytes(NioSocketChannel.java:357)
	at io.netty.channel.nio.AbstractNioByteChannel$NioByteUnsafe.read(AbstractNioByteChannel.java:151)
	at io.netty.channel.nio.NioEventLoop.processSelectedKey(NioEventLoop.java:788)
	at io.netty.channel.nio.NioEventLoop.processSelectedKeysOptimized(NioEventLoop.java:724)
	at io.netty.channel.nio.NioEventLoop.processSelectedKeys(NioEventLoop.java:650)
	at io.netty.channel.nio.NioEventLoop.run(NioEventLoop.java:562)
	at io.netty.util.concurrent.SingleThreadEventExecutor$4.run(SingleThreadEventExecutor.java:997)
	at io.netty.util.internal.ThreadExecutorMap$2.run(ThreadExecutorMap.java:74)
	at io.netty.util.concurrent.FastThreadLocalRunnable.run(FastThreadLocalRunnable.java:30)
	at java.base/java.lang.Thread.run(Thread.java:1583)
18:33:51.570 [AsyncHttpClient-1-3] DEBUG org.asynchttpclient.netty.handler.HttpHandler -- Unexpected I/O exception on channel [id: 0x999ab653, L:/127.0.0.1:58231 - R:localhost/127.0.0.1:58222]
java.net.SocketException: Connection reset
	at java.base/sun.nio.ch.SocketChannelImpl.throwConnectionReset(SocketChannelImpl.java:401)
	at java.base/sun.nio.ch.SocketChannelImpl.read(SocketChannelImpl.java:434)
	at io.netty.buffer.PooledByteBuf.setBytes(PooledByteBuf.java:256)
	at io.netty.buffer.AbstractByteBuf.writeBytes(AbstractByteBuf.java:1132)
	at io.netty.channel.socket.nio.NioSocketChannel.doReadBytes(NioSocketChannel.java:357)
	at io.netty.channel.nio.AbstractNioByteChannel$NioByteUnsafe.read(AbstractNioByteChannel.java:151)
	at io.netty.channel.nio.NioEventLoop.processSelectedKey(NioEventLoop.java:788)
	at io.netty.channel.nio.NioEventLoop.processSelectedKeysOptimized(NioEventLoop.java:724)
	at io.netty.channel.nio.NioEventLoop.processSelectedKeys(NioEventLoop.java:650)
	at io.netty.channel.nio.NioEventLoop.run(NioEventLoop.java:562)
	at io.netty.util.concurrent.SingleThreadEventExecutor$4.run(SingleThreadEventExecutor.java:997)
	at io.netty.util.internal.ThreadExecutorMap$2.run(ThreadExecutorMap.java:74)
	at io.netty.util.concurrent.FastThreadLocalRunnable.run(FastThreadLocalRunnable.java:30)
	at java.base/java.lang.Thread.run(Thread.java:1583)
18:33:51.575 [AsyncHttpClient-1-3] DEBUG org.asynchttpclient.netty.channel.ChannelManager -- Closing Channel [id: 0x999ab653, L:/127.0.0.1:58231 - R:localhost/127.0.0.1:58222] 
18:33:51.575 [AsyncHttpClient-1-4] DEBUG org.asynchttpclient.netty.handler.WebSocketHandler -- Was unable to recover Future: NettyResponseFuture{currentRetry=0,
	isDone=1,
	isCancelled=0,
	asyncHandler=org.asynchttpclient.ws.WebSocketUpgradeHandler@6918492f,
	nettyRequest=org.asynchttpclient.netty.request.NettyRequest@248a6e49,
	future=java.util.concurrent.CompletableFuture@21391a39[Completed normally],
	uri=ws://localhost:58222/devtools/browser/ec9b7132-bdb9-4aad-9ac0-2247e692d6a8,
	keepAlive=true,
	redirectCount=0,
	timeoutsHolder=null,
	inAuth=0,
	touch=1759064631575}
18:33:51.575 [AsyncHttpClient-1-4] DEBUG org.asynchttpclient.netty.channel.ChannelManager -- Closing Channel [id: 0xefc8aab7, L:/127.0.0.1:58232 - R:localhost/127.0.0.1:58222] 
18:33:51.575 [AsyncHttpClient-1-4] WARN org.asynchttpclient.netty.handler.WebSocketHandler -- onError
java.net.SocketException: Connection reset
	at java.base/sun.nio.ch.SocketChannelImpl.throwConnectionReset(SocketChannelImpl.java:401)
	at java.base/sun.nio.ch.SocketChannelImpl.read(SocketChannelImpl.java:434)
	at io.netty.buffer.PooledByteBuf.setBytes(PooledByteBuf.java:256)
	at io.netty.buffer.AbstractByteBuf.writeBytes(AbstractByteBuf.java:1132)
	at io.netty.channel.socket.nio.NioSocketChannel.doReadBytes(NioSocketChannel.java:357)
	at io.netty.channel.nio.AbstractNioByteChannel$NioByteUnsafe.read(AbstractNioByteChannel.java:151)
	at io.netty.channel.nio.NioEventLoop.processSelectedKey(NioEventLoop.java:788)
	at io.netty.channel.nio.NioEventLoop.processSelectedKeysOptimized(NioEventLoop.java:724)
	at io.netty.channel.nio.NioEventLoop.processSelectedKeys(NioEventLoop.java:650)
	at io.netty.channel.nio.NioEventLoop.run(NioEventLoop.java:562)
	at io.netty.util.concurrent.SingleThreadEventExecutor$4.run(SingleThreadEventExecutor.java:997)
	at io.netty.util.internal.ThreadExecutorMap$2.run(ThreadExecutorMap.java:74)
	at io.netty.util.concurrent.FastThreadLocalRunnable.run(FastThreadLocalRunnable.java:30)
	at java.base/java.lang.Thread.run(Thread.java:1583)
18:33:51.577 [AsyncHttpClient-1-3] DEBUG org.asynchttpclient.netty.handler.HttpHandler -- Channel Closed: [id: 0x999ab653, L:/127.0.0.1:58231 ! R:localhost/127.0.0.1:58222] with attribute DISCARD
18:33:51.578 [AsyncHttpClient-1-4] DEBUG org.asynchttpclient.netty.channel.ChannelManager -- Closing Channel [id: 0xefc8aab7, L:/127.0.0.1:58232 ! R:localhost/127.0.0.1:58222] 
18:33:51.578 [AsyncHttpClient-1-4] DEBUG org.asynchttpclient.netty.handler.WebSocketHandler -- Channel Closed: [id: 0xefc8aab7, L:/127.0.0.1:58232 ! R:localhost/127.0.0.1:58222] with attribute DISCARD
18:33:51.605 [AsyncHttpClient-1-1] DEBUG org.asynchttpclient.netty.channel.DefaultChannelPool -- Entry count for : http://localhost:58222 : 1
18:33:51.605 [AsyncHttpClient-1-1] DEBUG org.asynchttpclient.netty.channel.DefaultChannelPool -- Adding Candidate expired Channel [id: 0x999ab653, L:/127.0.0.1:58231 ! R:localhost/127.0.0.1:58222] isIdleTimeoutExpired=false isRemotelyClosed=true isTtlExpired=false
18:33:51.605 [AsyncHttpClient-1-1] DEBUG org.asynchttpclient.netty.channel.DefaultChannelPool -- Closing Idle Channel [id: 0x999ab653, L:/127.0.0.1:58231 ! R:localhost/127.0.0.1:58222]
18:33:51.605 [AsyncHttpClient-1-1] DEBUG org.asynchttpclient.netty.channel.DefaultChannelPool -- Closed 1 connections out of 1 in 0 ms
18:33:51.610 [AsyncHttpClient-1-2] DEBUG org.asynchttpclient.netty.handler.HttpHandler -- 

Request DefaultFullHttpRequest(decodeResult: success, version: HTTP/1.1, content: EmptyByteBufBE)
DELETE /session/34abddcfe480ce0829a6f6ced7201897 HTTP/1.1
User-Agent: selenium/4.8.3 (java windows)
Content-Type: application/json; charset=utf-8
host: localhost:16154
accept: */*

Response DefaultHttpResponse(decodeResult: success, version: HTTP/1.1)
HTTP/1.1 200 OK
Content-Length: 14
Content-Type: application/json; charset=utf-8
cache-control: no-cache

18:33:51.610 [AsyncHttpClient-1-2] DEBUG org.asynchttpclient.netty.channel.ChannelManager -- Adding key: http://localhost:16154 for channel [id: 0x4292fcdf, L:/127.0.0.1:58221 - R:localhost/127.0.0.1:16154]
18:33:51.987 [AsyncHttpClient-1-2] DEBUG org.asynchttpclient.netty.handler.HttpHandler -- Channel Closed: [id: 0x4292fcdf, L:/127.0.0.1:58221 ! R:localhost/127.0.0.1:16154] with attribute DISCARD
18:33:52.715 [AsyncHttpClient-1-1] DEBUG org.asynchttpclient.netty.channel.DefaultChannelPool -- Entry count for : http://localhost:16154 : 1
18:33:52.715 [AsyncHttpClient-1-1] DEBUG org.asynchttpclient.netty.channel.DefaultChannelPool -- Adding Candidate expired Channel [id: 0x4292fcdf, L:/127.0.0.1:58221 ! R:localhost/127.0.0.1:16154] isIdleTimeoutExpired=false isRemotelyClosed=true isTtlExpired=false
18:33:52.715 [AsyncHttpClient-1-1] DEBUG org.asynchttpclient.netty.channel.DefaultChannelPool -- Closing Idle Channel [id: 0x4292fcdf, L:/127.0.0.1:58221 ! R:localhost/127.0.0.1:16154]
18:33:52.715 [AsyncHttpClient-1-1] DEBUG org.asynchttpclient.netty.channel.DefaultChannelPool -- Closed 1 connections out of 1 in 0 ms
]]></system-out>
    <system-err><![CDATA[Starting ChromeDriver 140.0.7339.207 (17230b545fd18b35aad49122e5af97a463bc7a9c-refs/branch-heads/7339@{#2364}) on port 16154
Only local connections are allowed.
Please see https://chromedriver.chromium.org/security-considerations for suggestions on keeping ChromeDriver safe.
ChromeDriver was started successfully on port 16154.
Sep 28, 2025 6:32:56 PM org.openqa.selenium.devtools.CdpVersionFinder findNearestMatch
WARNING: Unable to find CDP implementation matching 140
Sep 28, 2025 6:32:56 PM org.openqa.selenium.chromium.ChromiumDriver lambda$new$3
WARNING: Unable to find version of CDP to use for . You may need to include a dependency on a specific version of the CDP using something similar to `org.seleniumhq.selenium:selenium-devtools-v86:4.8.3` where the version ("v86") matches the version of the chromium-based browser you're using and the version number of the artifact is the same as Selenium's.
Sep 28, 2025 6:33:51 PM org.openqa.selenium.remote.http.WebSocket$Listener onError
WARNING: Connection reset
java.net.SocketException: Connection reset
	at java.base/sun.nio.ch.SocketChannelImpl.throwConnectionReset(SocketChannelImpl.java:401)
	at java.base/sun.nio.ch.SocketChannelImpl.read(SocketChannelImpl.java:434)
	at io.netty.buffer.PooledByteBuf.setBytes(PooledByteBuf.java:256)
	at io.netty.buffer.AbstractByteBuf.writeBytes(AbstractByteBuf.java:1132)
	at io.netty.channel.socket.nio.NioSocketChannel.doReadBytes(NioSocketChannel.java:357)
	at io.netty.channel.nio.AbstractNioByteChannel$NioByteUnsafe.read(AbstractNioByteChannel.java:151)
	at io.netty.channel.nio.NioEventLoop.processSelectedKey(NioEventLoop.java:788)
	at io.netty.channel.nio.NioEventLoop.processSelectedKeysOptimized(NioEventLoop.java:724)
	at io.netty.channel.nio.NioEventLoop.processSelectedKeys(NioEventLoop.java:650)
	at io.netty.channel.nio.NioEventLoop.run(NioEventLoop.java:562)
	at io.netty.util.concurrent.SingleThreadEventExecutor$4.run(SingleThreadEventExecutor.java:997)
	at io.netty.util.internal.ThreadExecutorMap$2.run(ThreadExecutorMap.java:74)
	at io.netty.util.concurrent.FastThreadLocalRunnable.run(FastThreadLocalRunnable.java:30)
	at java.base/java.lang.Thread.run(Thread.java:1583)

]]></system-err>
  </testcase>
</testsuite>