<?xml version="1.0" encoding="UTF-8"?>
<testng-results ignored="0" total="5" passed="5" failed="0" skipped="0">
  <reporter-output>
  </reporter-output>
  <suite started-at="2026-03-14T20:39:39 IST" name="Default suite" finished-at="2026-03-14T20:45:11 IST" duration-ms="332552">
    <groups>
    </groups>
    <test started-at="2026-03-14T20:39:39 IST" name="Default test" finished-at="2026-03-14T20:45:11 IST" duration-ms="332552">
      <class name="test.PathologyFlowTest">
        <test-method signature="BookingFlow()[pri:0, instance:test.PathologyFlowTest@3c407114]" started-at="2026-03-14T20:39:39 IST" name="BookingFlow" finished-at="2026-03-14T20:40:50 IST" duration-ms="71296" status="PASS">
          <reporter-output>
          </reporter-output>
        </test-method> <!-- BookingFlow -->
        <test-method signature="BookingFlow()[pri:0, instance:test.PathologyFlowTest@3c407114]" started-at="2026-03-14T20:40:50 IST" name="BookingFlow" finished-at="2026-03-14T20:41:57 IST" duration-ms="67085" status="PASS">
          <reporter-output>
          </reporter-output>
        </test-method> <!-- BookingFlow -->
        <test-method signature="BookingFlow()[pri:0, instance:test.PathologyFlowTest@3c407114]" started-at="2026-03-14T20:41:57 IST" name="BookingFlow" finished-at="2026-03-14T20:43:06 IST" duration-ms="68841" status="PASS">
          <reporter-output>
          </reporter-output>
        </test-method> <!-- BookingFlow -->
        <test-method signature="BookingFlow()[pri:0, instance:test.PathologyFlowTest@3c407114]" started-at="2026-03-14T20:43:06 IST" name="BookingFlow" finished-at="2026-03-14T20:44:13 IST" duration-ms="67431" status="PASS">
          <reporter-output>
          </reporter-output>
        </test-method> <!-- BookingFlow -->
        <test-method signature="BookingFlow()[pri:0, instance:test.PathologyFlowTest@3c407114]" started-at="2026-03-14T20:44:13 IST" name="BookingFlow" finished-at="2026-03-14T20:45:11 IST" duration-ms="57858" status="PASS">
          <reporter-output>
          </reporter-output>
        </test-method> <!-- BookingFlow -->
      </class> <!-- test.PathologyFlowTest -->
    </test> <!-- Default test -->
  </suite> <!-- Default suite -->
</testng-results>
