<?xml version="1.0" encoding="UTF-8"?>
<testng-results ignored="0" total="5" passed="5" failed="0" skipped="0">
  <reporter-output>
  </reporter-output>
  <suite started-at="2026-03-15T15:21:12 IST" name="Default suite" finished-at="2026-03-15T15:27:18 IST" duration-ms="365691">
    <groups>
    </groups>
    <test started-at="2026-03-15T15:21:12 IST" name="Default test" finished-at="2026-03-15T15:27:18 IST" duration-ms="365691">
      <class name="test.PathologyFlowTest">
        <test-method signature="BookingFlow()[pri:0, instance:test.PathologyFlowTest@3c407114]" started-at="2026-03-15T15:21:12 IST" name="BookingFlow" finished-at="2026-03-15T15:22:31 IST" duration-ms="78622" status="PASS">
          <reporter-output>
          </reporter-output>
        </test-method> <!-- BookingFlow -->
        <test-method signature="BookingFlow()[pri:0, instance:test.PathologyFlowTest@3c407114]" started-at="2026-03-15T15:22:31 IST" name="BookingFlow" finished-at="2026-03-15T15:23:44 IST" duration-ms="73513" status="PASS">
          <reporter-output>
          </reporter-output>
        </test-method> <!-- BookingFlow -->
        <test-method signature="BookingFlow()[pri:0, instance:test.PathologyFlowTest@3c407114]" started-at="2026-03-15T15:23:44 IST" name="BookingFlow" finished-at="2026-03-15T15:24:58 IST" duration-ms="73158" status="PASS">
          <reporter-output>
          </reporter-output>
        </test-method> <!-- BookingFlow -->
        <test-method signature="BookingFlow()[pri:0, instance:test.PathologyFlowTest@3c407114]" started-at="2026-03-15T15:24:58 IST" name="BookingFlow" finished-at="2026-03-15T15:26:08 IST" duration-ms="70603" status="PASS">
          <reporter-output>
          </reporter-output>
        </test-method> <!-- BookingFlow -->
        <test-method signature="BookingFlow()[pri:0, instance:test.PathologyFlowTest@3c407114]" started-at="2026-03-15T15:26:08 IST" name="BookingFlow" finished-at="2026-03-15T15:27:18 IST" duration-ms="69736" status="PASS">
          <reporter-output>
          </reporter-output>
        </test-method> <!-- BookingFlow -->
      </class> <!-- test.PathologyFlowTest -->
    </test> <!-- Default test -->
  </suite> <!-- Default suite -->
</testng-results>
