<?xml version="1.0" encoding="UTF-8"?>
<!-- Generated by org.testng.reporters.JUnitReportReporter -->
<testsuite hostname="TECH-L00246" failures="0" tests="5" name="test.PathologyFlowTest" time="332.511" errors="0" timestamp="2026-03-14T20:45:11 IST" skipped="0">
  <testcase classname="test.PathologyFlowTest" name="BookingFlow" time="67.085"/>
  <system-out/>
  <testcase classname="test.PathologyFlowTest" name="BookingFlow" time="57.858"/>
  <system-out/>
  <testcase classname="test.PathologyFlowTest" name="BookingFlow" time="71.296"/>
  <system-out/>
  <testcase classname="test.PathologyFlowTest" name="BookingFlow" time="67.431"/>
  <system-out/>
  <testcase classname="test.PathologyFlowTest" name="BookingFlow" time="68.841"/>
  <system-out/>
</testsuite> <!-- test.PathologyFlowTest -->
