<?xml version="1.0" encoding="UTF-8"?>
<!-- Generated by org.testng.reporters.JUnitReportReporter -->
<testsuite hostname="TECH-L00246" failures="0" tests="5" name="test.PathologyFlowTest" time="365.632" errors="0" timestamp="2026-03-15T15:27:18 IST" skipped="0">
  <testcase classname="test.PathologyFlowTest" name="BookingFlow" time="73.513"/>
  <system-out/>
  <testcase classname="test.PathologyFlowTest" name="BookingFlow" time="70.603"/>
  <system-out/>
  <testcase classname="test.PathologyFlowTest" name="BookingFlow" time="73.158"/>
  <system-out/>
  <testcase classname="test.PathologyFlowTest" name="BookingFlow" time="78.622"/>
  <system-out/>
  <testcase classname="test.PathologyFlowTest" name="BookingFlow" time="69.736"/>
  <system-out/>
</testsuite> <!-- test.PathologyFlowTest -->
